<?xml version="1.0" encoding="UTF-8"?>
<testsuite name="alcuk.acceptance.user.UserAcceptanceTest" tests="1" skipped="0" failures="0" errors="0" timestamp="2023-01-01T16:26:35" hostname="simjonghan-ui-MacBookAir.local" time="0.233">
  <properties/>
  <testcase name="유저 생성 성공 테스트" classname="alcuk.acceptance.user.UserAcceptanceTest" time="0.233"/>
  <system-out><![CDATA[01:26:34.428 [Test worker] DEBUG org.springframework.test.context.BootstrapUtils - Instantiating CacheAwareContextLoaderDelegate from class [org.springframework.test.context.cache.DefaultCacheAwareContextLoaderDelegate]
01:26:34.433 [Test worker] DEBUG org.springframework.test.context.BootstrapUtils - Instantiating BootstrapContext using constructor [public org.springframework.test.context.support.DefaultBootstrapContext(java.lang.Class,org.springframework.test.context.CacheAwareContextLoaderDelegate)]
01:26:34.449 [Test worker] DEBUG org.springframework.test.context.BootstrapUtils - Instantiating TestContextBootstrapper for test class [alcuk.acceptance.user.UserAcceptanceTest] from class [org.springframework.boot.test.context.SpringBootTestContextBootstrapper]
01:26:34.454 [Test worker] INFO org.springframework.boot.test.context.SpringBootTestContextBootstrapper - Neither @ContextConfiguration nor @ContextHierarchy found for test class [alcuk.acceptance.user.UserAcceptanceTest], using SpringBootContextLoader
01:26:34.456 [Test worker] DEBUG org.springframework.test.context.support.AbstractContextLoader - Did not detect default resource location for test class [alcuk.acceptance.user.UserAcceptanceTest]: class path resource [alcuk/acceptance/user/UserAcceptanceTest-context.xml] does not exist
01:26:34.456 [Test worker] DEBUG org.springframework.test.context.support.AbstractContextLoader - Did not detect default resource location for test class [alcuk.acceptance.user.UserAcceptanceTest]: class path resource [alcuk/acceptance/user/UserAcceptanceTestContext.groovy] does not exist
01:26:34.456 [Test worker] INFO org.springframework.test.context.support.AbstractContextLoader - Could not detect default resource locations for test class [alcuk.acceptance.user.UserAcceptanceTest]: no resource found for suffixes {-context.xml, Context.groovy}.
01:26:34.456 [Test worker] INFO org.springframework.test.context.support.AnnotationConfigContextLoaderUtils - Could not detect default configuration classes for test class [alcuk.acceptance.user.UserAcceptanceTest]: UserAcceptanceTest does not declare any static, non-private, non-final, nested classes annotated with @Configuration.
01:26:34.479 [Test worker] DEBUG org.springframework.test.context.support.ActiveProfilesUtils - Could not find an 'annotation declaring class' for annotation type [org.springframework.test.context.ActiveProfiles] and class [alcuk.acceptance.user.UserAcceptanceTest]
01:26:34.503 [Test worker] DEBUG org.springframework.context.annotation.ClassPathScanningCandidateComponentProvider - Identified candidate component class: file [/Users/simjonghan/source_code/spring_boot/boardstudy/application/build/classes/java/main/alcuk/Main.class]
01:26:34.504 [Test worker] INFO org.springframework.boot.test.context.SpringBootTestContextBootstrapper - Found @SpringBootConfiguration alcuk.Main for test class alcuk.acceptance.user.UserAcceptanceTest
01:26:34.543 [Test worker] DEBUG org.springframework.boot.test.context.SpringBootTestContextBootstrapper - @TestExecutionListeners is not present for class [alcuk.acceptance.user.UserAcceptanceTest]: using defaults.
01:26:34.544 [Test worker] INFO org.springframework.boot.test.context.SpringBootTestContextBootstrapper - Loaded default TestExecutionListener class names from location [META-INF/spring.factories]: [org.springframework.boot.test.autoconfigure.restdocs.RestDocsTestExecutionListener, org.springframework.boot.test.autoconfigure.web.client.MockRestServiceServerResetTestExecutionListener, org.springframework.boot.test.autoconfigure.web.servlet.MockMvcPrintOnlyOnFailureTestExecutionListener, org.springframework.boot.test.autoconfigure.web.servlet.WebDriverTestExecutionListener, org.springframework.boot.test.autoconfigure.webservices.client.MockWebServiceServerTestExecutionListener, org.springframework.boot.test.mock.mockito.MockitoTestExecutionListener, org.springframework.boot.test.mock.mockito.ResetMocksTestExecutionListener, org.springframework.test.context.web.ServletTestExecutionListener, org.springframework.test.context.support.DirtiesContextBeforeModesTestExecutionListener, org.springframework.test.context.event.ApplicationEventsTestExecutionListener, org.springframework.test.context.support.DependencyInjectionTestExecutionListener, org.springframework.test.context.support.DirtiesContextTestExecutionListener, org.springframework.test.context.transaction.TransactionalTestExecutionListener, org.springframework.test.context.jdbc.SqlScriptsTestExecutionListener, org.springframework.test.context.event.EventPublishingTestExecutionListener]
01:26:34.555 [Test worker] DEBUG org.springframework.boot.test.context.SpringBootTestContextBootstrapper - Skipping candidate TestExecutionListener [org.springframework.test.context.transaction.TransactionalTestExecutionListener] due to a missing dependency. Specify custom listener classes or make the default listener classes and their required dependencies available. Offending class: [org/springframework/transaction/interceptor/TransactionAttributeSource]
01:26:34.555 [Test worker] DEBUG org.springframework.boot.test.context.SpringBootTestContextBootstrapper - Skipping candidate TestExecutionListener [org.springframework.test.context.jdbc.SqlScriptsTestExecutionListener] due to a missing dependency. Specify custom listener classes or make the default listener classes and their required dependencies available. Offending class: [org/springframework/transaction/interceptor/TransactionAttribute]
01:26:34.555 [Test worker] INFO org.springframework.boot.test.context.SpringBootTestContextBootstrapper - Using TestExecutionListeners: [org.springframework.test.context.web.ServletTestExecutionListener@28c0b664, org.springframework.test.context.support.DirtiesContextBeforeModesTestExecutionListener@2c444798, org.springframework.test.context.event.ApplicationEventsTestExecutionListener@1af7f54a, org.springframework.boot.test.mock.mockito.MockitoTestExecutionListener@6ebd78d1, org.springframework.boot.test.autoconfigure.SpringBootDependencyInjectionTestExecutionListener@436390f4, org.springframework.test.context.support.DirtiesContextTestExecutionListener@4d157787, org.springframework.test.context.event.EventPublishingTestExecutionListener@68ed96ca, org.springframework.boot.test.autoconfigure.restdocs.RestDocsTestExecutionListener@6d1310f6, org.springframework.boot.test.autoconfigure.web.client.MockRestServiceServerResetTestExecutionListener@3228d990, org.springframework.boot.test.autoconfigure.web.servlet.MockMvcPrintOnlyOnFailureTestExecutionListener@54e7391d, org.springframework.boot.test.autoconfigure.web.servlet.WebDriverTestExecutionListener@50b8ae8d, org.springframework.boot.test.autoconfigure.webservices.client.MockWebServiceServerTestExecutionListener@255990cc, org.springframework.boot.test.mock.mockito.ResetMocksTestExecutionListener@51c929ae]
01:26:34.557 [Test worker] DEBUG org.springframework.test.context.support.AbstractDirtiesContextTestExecutionListener - Before test class: context [DefaultTestContext@33a2499c testClass = UserAcceptanceTest, testInstance = [null], testMethod = [null], testException = [null], mergedContextConfiguration = [WebMergedContextConfiguration@e72dba7 testClass = UserAcceptanceTest, locations = '{}', classes = '{class alcuk.Main}', contextInitializerClasses = '[]', activeProfiles = '{}', propertySourceLocations = '{}', propertySourceProperties = '{org.springframework.boot.test.context.SpringBootTestContextBootstrapper=true}', contextCustomizers = set[org.springframework.boot.test.autoconfigure.actuate.metrics.MetricsExportContextCustomizerFactory$DisableMetricExportContextCustomizer@53d1b9b3, org.springframework.boot.test.autoconfigure.properties.PropertyMappingContextCustomizer@4b3fa0b3, org.springframework.boot.test.autoconfigure.web.servlet.WebDriverContextCustomizerFactory$Customizer@1f2f9244, [ImportsContextCustomizer@33c2bd key = [org.springframework.boot.test.autoconfigure.web.servlet.MockMvcAutoConfiguration, org.springframework.boot.test.autoconfigure.web.servlet.MockMvcWebClientAutoConfiguration, org.springframework.boot.test.autoconfigure.web.servlet.MockMvcWebDriverAutoConfiguration, org.springframework.boot.autoconfigure.security.oauth2.client.servlet.OAuth2ClientAutoConfiguration, org.springframework.boot.autoconfigure.security.oauth2.resource.servlet.OAuth2ResourceServerAutoConfiguration, org.springframework.boot.autoconfigure.security.servlet.SecurityAutoConfiguration, org.springframework.boot.autoconfigure.security.servlet.SecurityFilterAutoConfiguration, org.springframework.boot.autoconfigure.security.servlet.UserDetailsServiceAutoConfiguration, org.springframework.boot.test.autoconfigure.web.servlet.MockMvcSecurityConfiguration, org.springframework.boot.test.autoconfigure.web.reactive.WebTestClientAutoConfiguration]], org.springframework.boot.test.context.filter.ExcludeFilterContextCustomizer@5bfa8cc5, org.springframework.boot.test.json.DuplicateJsonObjectContextCustomizerFactory$DuplicateJsonObjectContextCustomizer@3b220bcb, org.springframework.boot.test.mock.mockito.MockitoContextCustomizer@0, org.springframework.boot.test.web.client.TestRestTemplateContextCustomizer@6111ba37, org.springframework.boot.test.context.SpringBootTestArgs@1, org.springframework.boot.test.context.SpringBootTestWebEnvironment@13526e59], resourceBasePath = 'src/main/webapp', contextLoader = 'org.springframework.boot.test.context.SpringBootContextLoader', parent = [null]], attributes = map['org.springframework.test.context.web.ServletTestExecutionListener.activateListener' -> true]], class annotated with @DirtiesContext [false] with mode [null].

  .   ____          _            __ _ _
 /\\ / ___'_ __ _ _(_)_ __  __ _ \ \ \ \
( ( )\___ | '_ | '_| | '_ \/ _` | \ \ \ \
 \\/  ___)| |_)| | | | | || (_| |  ) ) ) )
  '  |____| .__|_| |_|_| |_\__, | / / / /
 =========|_|==============|___/=/_/_/_/
 :: Spring Boot ::                (v2.7.1)

2023-01-02 01:26:34.709  INFO 9695 --- [    Test worker] a.acceptance.user.UserAcceptanceTest     : Starting UserAcceptanceTest using Java 11.0.15.1 on simjonghan-ui-MacBookAir.local with PID 9695 (started by simjonghan in /Users/simjonghan/source_code/spring_boot/boardstudy/application)
2023-01-02 01:26:34.711  INFO 9695 --- [    Test worker] a.acceptance.user.UserAcceptanceTest     : No active profile set, falling back to 1 default profile: "default"
2023-01-02 01:26:35.325  INFO 9695 --- [    Test worker] o.s.b.t.m.w.SpringBootMockServletContext : Initializing Spring TestDispatcherServlet ''
2023-01-02 01:26:35.325  INFO 9695 --- [    Test worker] o.s.t.web.servlet.TestDispatcherServlet  : Initializing Servlet ''
2023-01-02 01:26:35.325  INFO 9695 --- [    Test worker] o.s.t.web.servlet.TestDispatcherServlet  : Completed initialization in 0 ms
2023-01-02 01:26:35.335  INFO 9695 --- [    Test worker] a.acceptance.user.UserAcceptanceTest     : Started UserAcceptanceTest in 0.762 seconds (JVM running for 1.363)

MockHttpServletRequest:
      HTTP Method = GET
      Request URI = /user/alcuk
       Parameters = {}
          Headers = []
             Body = null
    Session Attrs = {}

Handler:
             Type = alcuk.controller.user.UserController
           Method = alcuk.controller.user.UserController#readUser(String)

Async:
    Async started = false
     Async result = null

Resolved Exception:
             Type = null

ModelAndView:
        View name = null
             View = null
            Model = null

FlashMap:
       Attributes = null

MockHttpServletResponse:
           Status = 200
    Error message = null
          Headers = [Content-Type:"application/json"]
     Content type = application/json
             Body = {"id":1,"name":"alcuk","user_id":"alcuk_id","user_password":"alcuk_password","created_at":"2023-01-02"}
    Forwarded URL = null
   Redirected URL = null
          Cookies = []
]]></system-out>
  <system-err><![CDATA[]]></system-err>
</testsuite>
