<?xml version="1.0" encoding="UTF-8"?>
<testsuite name="alcuk.user.service.UserServiceTest" tests="2" skipped="0" failures="0" errors="0" timestamp="2022-12-30T07:34:52" hostname="xb-apple.local" time="0.024">
  <properties/>
  <testcase name="유저 생성 및 조회" classname="alcuk.user.service.UserServiceTest" time="0.018"/>
  <testcase name="유저 삭제" classname="alcuk.user.service.UserServiceTest" time="0.004"/>
  <system-out><![CDATA[16:34:51.723 [Test worker] DEBUG org.springframework.test.context.BootstrapUtils - Instantiating CacheAwareContextLoaderDelegate from class [org.springframework.test.context.cache.DefaultCacheAwareContextLoaderDelegate]
16:34:51.729 [Test worker] DEBUG org.springframework.test.context.BootstrapUtils - Instantiating BootstrapContext using constructor [public org.springframework.test.context.support.DefaultBootstrapContext(java.lang.Class,org.springframework.test.context.CacheAwareContextLoaderDelegate)]
16:34:51.741 [Test worker] DEBUG org.springframework.test.context.BootstrapUtils - Instantiating TestContextBootstrapper for test class [alcuk.user.service.UserServiceTest] from class [org.springframework.test.context.support.DefaultTestContextBootstrapper]
16:34:51.751 [Test worker] DEBUG org.springframework.test.context.support.AbstractDelegatingSmartContextLoader - Delegating to AnnotationConfigContextLoader to process context configuration [ContextConfigurationAttributes@52d645b1 declaringClass = 'alcuk.user.service.UserServiceTest', classes = '{class alcuk.user.service.DefaultUserService}', locations = '{}', inheritLocations = true, initializers = '{}', inheritInitializers = true, name = [null], contextLoaderClass = 'org.springframework.test.context.ContextLoader'].
16:34:51.773 [Test worker] DEBUG org.springframework.test.context.support.ActiveProfilesUtils - Could not find an 'annotation declaring class' for annotation type [org.springframework.test.context.ActiveProfiles] and class [alcuk.user.service.UserServiceTest]
16:34:51.773 [Test worker] DEBUG org.springframework.test.context.support.DefaultTestContextBootstrapper - @TestExecutionListeners is not present for class [alcuk.user.service.UserServiceTest]: using defaults.
16:34:51.773 [Test worker] INFO org.springframework.test.context.support.DefaultTestContextBootstrapper - Loaded default TestExecutionListener class names from location [META-INF/spring.factories]: [org.springframework.boot.test.autoconfigure.restdocs.RestDocsTestExecutionListener, org.springframework.boot.test.autoconfigure.web.client.MockRestServiceServerResetTestExecutionListener, org.springframework.boot.test.autoconfigure.web.servlet.MockMvcPrintOnlyOnFailureTestExecutionListener, org.springframework.boot.test.autoconfigure.web.servlet.WebDriverTestExecutionListener, org.springframework.boot.test.autoconfigure.webservices.client.MockWebServiceServerTestExecutionListener, org.springframework.boot.test.mock.mockito.MockitoTestExecutionListener, org.springframework.boot.test.mock.mockito.ResetMocksTestExecutionListener, org.springframework.test.context.web.ServletTestExecutionListener, org.springframework.test.context.support.DirtiesContextBeforeModesTestExecutionListener, org.springframework.test.context.event.ApplicationEventsTestExecutionListener, org.springframework.test.context.support.DependencyInjectionTestExecutionListener, org.springframework.test.context.support.DirtiesContextTestExecutionListener, org.springframework.test.context.transaction.TransactionalTestExecutionListener, org.springframework.test.context.jdbc.SqlScriptsTestExecutionListener, org.springframework.test.context.event.EventPublishingTestExecutionListener]
16:34:51.776 [Test worker] DEBUG org.springframework.test.context.support.DefaultTestContextBootstrapper - Skipping candidate TestExecutionListener [org.springframework.test.context.web.ServletTestExecutionListener] due to a missing dependency. Specify custom listener classes or make the default listener classes and their required dependencies available. Offending class: [javax/servlet/ServletContext]
16:34:51.777 [Test worker] DEBUG org.springframework.test.context.support.DefaultTestContextBootstrapper - Skipping candidate TestExecutionListener [org.springframework.test.context.transaction.TransactionalTestExecutionListener] due to a missing dependency. Specify custom listener classes or make the default listener classes and their required dependencies available. Offending class: [org/springframework/transaction/interceptor/TransactionAttributeSource]
16:34:51.777 [Test worker] DEBUG org.springframework.test.context.support.DefaultTestContextBootstrapper - Skipping candidate TestExecutionListener [org.springframework.test.context.jdbc.SqlScriptsTestExecutionListener] due to a missing dependency. Specify custom listener classes or make the default listener classes and their required dependencies available. Offending class: [org/springframework/transaction/interceptor/TransactionAttribute]
16:34:51.778 [Test worker] INFO org.springframework.test.context.support.DefaultTestContextBootstrapper - Using TestExecutionListeners: [org.springframework.test.context.support.DirtiesContextBeforeModesTestExecutionListener@7c2b6087, org.springframework.test.context.event.ApplicationEventsTestExecutionListener@3fffff43, org.springframework.boot.test.mock.mockito.MockitoTestExecutionListener@a8e6492, org.springframework.test.context.support.DependencyInjectionTestExecutionListener@1c7fd41f, org.springframework.test.context.support.DirtiesContextTestExecutionListener@3b77a04f, org.springframework.test.context.event.EventPublishingTestExecutionListener@7b324585, org.springframework.boot.test.autoconfigure.restdocs.RestDocsTestExecutionListener@2e11485, org.springframework.boot.test.autoconfigure.web.client.MockRestServiceServerResetTestExecutionListener@60dce7ea, org.springframework.boot.test.autoconfigure.web.servlet.MockMvcPrintOnlyOnFailureTestExecutionListener@662f5666, org.springframework.boot.test.autoconfigure.web.servlet.WebDriverTestExecutionListener@fd8294b, org.springframework.boot.test.autoconfigure.webservices.client.MockWebServiceServerTestExecutionListener@5974109, org.springframework.boot.test.mock.mockito.ResetMocksTestExecutionListener@27305e6]
16:34:51.779 [Test worker] DEBUG org.springframework.test.context.support.AbstractDirtiesContextTestExecutionListener - Before test class: context [DefaultTestContext@75f5fd58 testClass = UserServiceTest, testInstance = [null], testMethod = [null], testException = [null], mergedContextConfiguration = [MergedContextConfiguration@37b70343 testClass = UserServiceTest, locations = '{}', classes = '{class alcuk.user.service.DefaultUserService}', contextInitializerClasses = '[]', activeProfiles = '{}', propertySourceLocations = '{}', propertySourceProperties = '{}', contextCustomizers = set[org.springframework.boot.test.autoconfigure.actuate.metrics.MetricsExportContextCustomizerFactory$DisableMetricExportContextCustomizer@6475472c, org.springframework.boot.test.autoconfigure.properties.PropertyMappingContextCustomizer@0, org.springframework.boot.test.autoconfigure.web.servlet.WebDriverContextCustomizerFactory$Customizer@40f70521, org.springframework.boot.test.context.filter.ExcludeFilterContextCustomizer@31aa3ca5, org.springframework.boot.test.json.DuplicateJsonObjectContextCustomizerFactory$DuplicateJsonObjectContextCustomizer@2ccca26f, org.springframework.boot.test.mock.mockito.MockitoContextCustomizer@aa8e95ea], contextLoader = 'org.springframework.test.context.support.DelegatingSmartContextLoader', parent = [null]], attributes = map[[empty]]], class annotated with @DirtiesContext [false] with mode [null].
16:34:51.787 [Test worker] DEBUG org.springframework.test.context.support.AbstractDelegatingSmartContextLoader - Delegating to AnnotationConfigContextLoader to load context from [MergedContextConfiguration@37b70343 testClass = UserServiceTest, locations = '{}', classes = '{class alcuk.user.service.DefaultUserService}', contextInitializerClasses = '[]', activeProfiles = '{}', propertySourceLocations = '{}', propertySourceProperties = '{}', contextCustomizers = set[org.springframework.boot.test.autoconfigure.actuate.metrics.MetricsExportContextCustomizerFactory$DisableMetricExportContextCustomizer@6475472c, org.springframework.boot.test.autoconfigure.properties.PropertyMappingContextCustomizer@0, org.springframework.boot.test.autoconfigure.web.servlet.WebDriverContextCustomizerFactory$Customizer@40f70521, org.springframework.boot.test.context.filter.ExcludeFilterContextCustomizer@31aa3ca5, org.springframework.boot.test.json.DuplicateJsonObjectContextCustomizerFactory$DuplicateJsonObjectContextCustomizer@2ccca26f, org.springframework.boot.test.mock.mockito.MockitoContextCustomizer@aa8e95ea], contextLoader = 'org.springframework.test.context.support.DelegatingSmartContextLoader', parent = [null]].
16:34:51.788 [Test worker] DEBUG org.springframework.test.context.support.AbstractGenericContextLoader - Loading ApplicationContext for merged context configuration [[MergedContextConfiguration@37b70343 testClass = UserServiceTest, locations = '{}', classes = '{class alcuk.user.service.DefaultUserService}', contextInitializerClasses = '[]', activeProfiles = '{}', propertySourceLocations = '{}', propertySourceProperties = '{}', contextCustomizers = set[org.springframework.boot.test.autoconfigure.actuate.metrics.MetricsExportContextCustomizerFactory$DisableMetricExportContextCustomizer@6475472c, org.springframework.boot.test.autoconfigure.properties.PropertyMappingContextCustomizer@0, org.springframework.boot.test.autoconfigure.web.servlet.WebDriverContextCustomizerFactory$Customizer@40f70521, org.springframework.boot.test.context.filter.ExcludeFilterContextCustomizer@31aa3ca5, org.springframework.boot.test.json.DuplicateJsonObjectContextCustomizerFactory$DuplicateJsonObjectContextCustomizer@2ccca26f, org.springframework.boot.test.mock.mockito.MockitoContextCustomizer@aa8e95ea], contextLoader = 'org.springframework.test.context.support.DelegatingSmartContextLoader', parent = [null]]].
16:34:51.806 [Test worker] DEBUG org.springframework.core.env.StandardEnvironment - Activating profiles []
16:34:51.806 [Test worker] DEBUG org.springframework.test.context.support.AnnotationConfigContextLoader - Registering component classes: {class alcuk.user.service.DefaultUserService}
16:34:51.825 [Test worker] DEBUG org.springframework.context.support.GenericApplicationContext - Refreshing org.springframework.context.support.GenericApplicationContext@2453f95d
16:34:51.830 [Test worker] DEBUG org.springframework.beans.factory.support.DefaultListableBeanFactory - Creating shared instance of singleton bean 'org.springframework.context.annotation.internalConfigurationAnnotationProcessor'
16:34:51.843 [Test worker] DEBUG org.springframework.beans.factory.support.DefaultListableBeanFactory - Creating shared instance of singleton bean 'org.springframework.boot.test.mock.mockito.MockitoPostProcessor'
16:34:52.013 [Test worker] DEBUG org.springframework.beans.factory.support.DefaultListableBeanFactory - Creating shared instance of singleton bean 'org.springframework.context.event.internalEventListenerProcessor'
16:34:52.014 [Test worker] DEBUG org.springframework.beans.factory.support.DefaultListableBeanFactory - Creating shared instance of singleton bean 'org.springframework.context.event.internalEventListenerFactory'
16:34:52.015 [Test worker] DEBUG org.springframework.beans.factory.support.DefaultListableBeanFactory - Creating shared instance of singleton bean 'org.springframework.context.annotation.internalAutowiredAnnotationProcessor'
16:34:52.015 [Test worker] DEBUG org.springframework.beans.factory.support.DefaultListableBeanFactory - Creating shared instance of singleton bean 'org.springframework.context.annotation.internalCommonAnnotationProcessor'
16:34:52.017 [Test worker] DEBUG org.springframework.beans.factory.support.DefaultListableBeanFactory - Creating shared instance of singleton bean 'org.springframework.boot.test.mock.mockito.MockitoPostProcessor$SpyPostProcessor'
16:34:52.022 [Test worker] DEBUG org.springframework.beans.factory.support.DefaultListableBeanFactory - Creating shared instance of singleton bean 'defaultUserService'
16:34:52.027 [Test worker] DEBUG org.springframework.beans.factory.support.DefaultListableBeanFactory - Autowiring by type from bean name 'defaultUserService' via constructor to bean named 'alcuk.user.service.spi.UserServiceRepository#0'
16:34:52.041 [Test worker] DEBUG org.springframework.test.context.cache.DefaultCacheAwareContextLoaderDelegate - Storing ApplicationContext [609483101] in cache under key [[MergedContextConfiguration@37b70343 testClass = UserServiceTest, locations = '{}', classes = '{class alcuk.user.service.DefaultUserService}', contextInitializerClasses = '[]', activeProfiles = '{}', propertySourceLocations = '{}', propertySourceProperties = '{}', contextCustomizers = set[org.springframework.boot.test.autoconfigure.actuate.metrics.MetricsExportContextCustomizerFactory$DisableMetricExportContextCustomizer@6475472c, org.springframework.boot.test.autoconfigure.properties.PropertyMappingContextCustomizer@0, org.springframework.boot.test.autoconfigure.web.servlet.WebDriverContextCustomizerFactory$Customizer@40f70521, org.springframework.boot.test.context.filter.ExcludeFilterContextCustomizer@31aa3ca5, org.springframework.boot.test.json.DuplicateJsonObjectContextCustomizerFactory$DuplicateJsonObjectContextCustomizer@2ccca26f, org.springframework.boot.test.mock.mockito.MockitoContextCustomizer@aa8e95ea], contextLoader = 'org.springframework.test.context.support.DelegatingSmartContextLoader', parent = [null]]]
16:34:52.041 [Test worker] DEBUG org.springframework.test.context.cache - Spring test ApplicationContext cache statistics: [DefaultContextCache@2e53b094 size = 1, maxSize = 32, parentContextCount = 0, hitCount = 0, missCount = 1]
16:34:52.042 [Test worker] DEBUG org.springframework.test.context.support.DependencyInjectionTestExecutionListener - Performing dependency injection for test context [[DefaultTestContext@75f5fd58 testClass = UserServiceTest, testInstance = alcuk.user.service.UserServiceTest@499ef98e, testMethod = [null], testException = [null], mergedContextConfiguration = [MergedContextConfiguration@37b70343 testClass = UserServiceTest, locations = '{}', classes = '{class alcuk.user.service.DefaultUserService}', contextInitializerClasses = '[]', activeProfiles = '{}', propertySourceLocations = '{}', propertySourceProperties = '{}', contextCustomizers = set[org.springframework.boot.test.autoconfigure.actuate.metrics.MetricsExportContextCustomizerFactory$DisableMetricExportContextCustomizer@6475472c, org.springframework.boot.test.autoconfigure.properties.PropertyMappingContextCustomizer@0, org.springframework.boot.test.autoconfigure.web.servlet.WebDriverContextCustomizerFactory$Customizer@40f70521, org.springframework.boot.test.context.filter.ExcludeFilterContextCustomizer@31aa3ca5, org.springframework.boot.test.json.DuplicateJsonObjectContextCustomizerFactory$DuplicateJsonObjectContextCustomizer@2ccca26f, org.springframework.boot.test.mock.mockito.MockitoContextCustomizer@aa8e95ea], contextLoader = 'org.springframework.test.context.support.DelegatingSmartContextLoader', parent = [null]], attributes = map['org.springframework.test.context.event.ApplicationEventsTestExecutionListener.recordApplicationEvents' -> false]]].
16:34:52.042 [Test worker] DEBUG org.springframework.test.context.cache.DefaultCacheAwareContextLoaderDelegate - Retrieved ApplicationContext [609483101] from cache with key [[MergedContextConfiguration@37b70343 testClass = UserServiceTest, locations = '{}', classes = '{class alcuk.user.service.DefaultUserService}', contextInitializerClasses = '[]', activeProfiles = '{}', propertySourceLocations = '{}', propertySourceProperties = '{}', contextCustomizers = set[org.springframework.boot.test.autoconfigure.actuate.metrics.MetricsExportContextCustomizerFactory$DisableMetricExportContextCustomizer@6475472c, org.springframework.boot.test.autoconfigure.properties.PropertyMappingContextCustomizer@0, org.springframework.boot.test.autoconfigure.web.servlet.WebDriverContextCustomizerFactory$Customizer@40f70521, org.springframework.boot.test.context.filter.ExcludeFilterContextCustomizer@31aa3ca5, org.springframework.boot.test.json.DuplicateJsonObjectContextCustomizerFactory$DuplicateJsonObjectContextCustomizer@2ccca26f, org.springframework.boot.test.mock.mockito.MockitoContextCustomizer@aa8e95ea], contextLoader = 'org.springframework.test.context.support.DelegatingSmartContextLoader', parent = [null]]]
16:34:52.042 [Test worker] DEBUG org.springframework.test.context.cache - Spring test ApplicationContext cache statistics: [DefaultContextCache@2e53b094 size = 1, maxSize = 32, parentContextCount = 0, hitCount = 1, missCount = 1]
16:34:52.044 [Test worker] DEBUG org.springframework.test.context.cache.DefaultCacheAwareContextLoaderDelegate - Retrieved ApplicationContext [609483101] from cache with key [[MergedContextConfiguration@37b70343 testClass = UserServiceTest, locations = '{}', classes = '{class alcuk.user.service.DefaultUserService}', contextInitializerClasses = '[]', activeProfiles = '{}', propertySourceLocations = '{}', propertySourceProperties = '{}', contextCustomizers = set[org.springframework.boot.test.autoconfigure.actuate.metrics.MetricsExportContextCustomizerFactory$DisableMetricExportContextCustomizer@6475472c, org.springframework.boot.test.autoconfigure.properties.PropertyMappingContextCustomizer@0, org.springframework.boot.test.autoconfigure.web.servlet.WebDriverContextCustomizerFactory$Customizer@40f70521, org.springframework.boot.test.context.filter.ExcludeFilterContextCustomizer@31aa3ca5, org.springframework.boot.test.json.DuplicateJsonObjectContextCustomizerFactory$DuplicateJsonObjectContextCustomizer@2ccca26f, org.springframework.boot.test.mock.mockito.MockitoContextCustomizer@aa8e95ea], contextLoader = 'org.springframework.test.context.support.DelegatingSmartContextLoader', parent = [null]]]
16:34:52.044 [Test worker] DEBUG org.springframework.test.context.cache - Spring test ApplicationContext cache statistics: [DefaultContextCache@2e53b094 size = 1, maxSize = 32, parentContextCount = 0, hitCount = 2, missCount = 1]
16:34:52.046 [Test worker] DEBUG org.springframework.test.context.support.AbstractDirtiesContextTestExecutionListener - Before test method: context [DefaultTestContext@75f5fd58 testClass = UserServiceTest, testInstance = alcuk.user.service.UserServiceTest@499ef98e, testMethod = CREATE_AND_READ_USER@UserServiceTest, testException = [null], mergedContextConfiguration = [MergedContextConfiguration@37b70343 testClass = UserServiceTest, locations = '{}', classes = '{class alcuk.user.service.DefaultUserService}', contextInitializerClasses = '[]', activeProfiles = '{}', propertySourceLocations = '{}', propertySourceProperties = '{}', contextCustomizers = set[org.springframework.boot.test.autoconfigure.actuate.metrics.MetricsExportContextCustomizerFactory$DisableMetricExportContextCustomizer@6475472c, org.springframework.boot.test.autoconfigure.properties.PropertyMappingContextCustomizer@0, org.springframework.boot.test.autoconfigure.web.servlet.WebDriverContextCustomizerFactory$Customizer@40f70521, org.springframework.boot.test.context.filter.ExcludeFilterContextCustomizer@31aa3ca5, org.springframework.boot.test.json.DuplicateJsonObjectContextCustomizerFactory$DuplicateJsonObjectContextCustomizer@2ccca26f, org.springframework.boot.test.mock.mockito.MockitoContextCustomizer@aa8e95ea], contextLoader = 'org.springframework.test.context.support.DelegatingSmartContextLoader', parent = [null]], attributes = map['org.springframework.test.context.event.ApplicationEventsTestExecutionListener.recordApplicationEvents' -> false]], class annotated with @DirtiesContext [false] with mode [null], method annotated with @DirtiesContext [false] with mode [null].
16:34:52.046 [Test worker] DEBUG org.springframework.test.context.cache.DefaultCacheAwareContextLoaderDelegate - Retrieved ApplicationContext [609483101] from cache with key [[MergedContextConfiguration@37b70343 testClass = UserServiceTest, locations = '{}', classes = '{class alcuk.user.service.DefaultUserService}', contextInitializerClasses = '[]', activeProfiles = '{}', propertySourceLocations = '{}', propertySourceProperties = '{}', contextCustomizers = set[org.springframework.boot.test.autoconfigure.actuate.metrics.MetricsExportContextCustomizerFactory$DisableMetricExportContextCustomizer@6475472c, org.springframework.boot.test.autoconfigure.properties.PropertyMappingContextCustomizer@0, org.springframework.boot.test.autoconfigure.web.servlet.WebDriverContextCustomizerFactory$Customizer@40f70521, org.springframework.boot.test.context.filter.ExcludeFilterContextCustomizer@31aa3ca5, org.springframework.boot.test.json.DuplicateJsonObjectContextCustomizerFactory$DuplicateJsonObjectContextCustomizer@2ccca26f, org.springframework.boot.test.mock.mockito.MockitoContextCustomizer@aa8e95ea], contextLoader = 'org.springframework.test.context.support.DelegatingSmartContextLoader', parent = [null]]]
16:34:52.046 [Test worker] DEBUG org.springframework.test.context.cache - Spring test ApplicationContext cache statistics: [DefaultContextCache@2e53b094 size = 1, maxSize = 32, parentContextCount = 0, hitCount = 3, missCount = 1]
16:34:52.046 [Test worker] DEBUG org.springframework.test.context.cache.DefaultCacheAwareContextLoaderDelegate - Retrieved ApplicationContext [609483101] from cache with key [[MergedContextConfiguration@37b70343 testClass = UserServiceTest, locations = '{}', classes = '{class alcuk.user.service.DefaultUserService}', contextInitializerClasses = '[]', activeProfiles = '{}', propertySourceLocations = '{}', propertySourceProperties = '{}', contextCustomizers = set[org.springframework.boot.test.autoconfigure.actuate.metrics.MetricsExportContextCustomizerFactory$DisableMetricExportContextCustomizer@6475472c, org.springframework.boot.test.autoconfigure.properties.PropertyMappingContextCustomizer@0, org.springframework.boot.test.autoconfigure.web.servlet.WebDriverContextCustomizerFactory$Customizer@40f70521, org.springframework.boot.test.context.filter.ExcludeFilterContextCustomizer@31aa3ca5, org.springframework.boot.test.json.DuplicateJsonObjectContextCustomizerFactory$DuplicateJsonObjectContextCustomizer@2ccca26f, org.springframework.boot.test.mock.mockito.MockitoContextCustomizer@aa8e95ea], contextLoader = 'org.springframework.test.context.support.DelegatingSmartContextLoader', parent = [null]]]
16:34:52.046 [Test worker] DEBUG org.springframework.test.context.cache - Spring test ApplicationContext cache statistics: [DefaultContextCache@2e53b094 size = 1, maxSize = 32, parentContextCount = 0, hitCount = 4, missCount = 1]
16:34:52.047 [Test worker] DEBUG org.springframework.test.context.cache.DefaultCacheAwareContextLoaderDelegate - Retrieved ApplicationContext [609483101] from cache with key [[MergedContextConfiguration@37b70343 testClass = UserServiceTest, locations = '{}', classes = '{class alcuk.user.service.DefaultUserService}', contextInitializerClasses = '[]', activeProfiles = '{}', propertySourceLocations = '{}', propertySourceProperties = '{}', contextCustomizers = set[org.springframework.boot.test.autoconfigure.actuate.metrics.MetricsExportContextCustomizerFactory$DisableMetricExportContextCustomizer@6475472c, org.springframework.boot.test.autoconfigure.properties.PropertyMappingContextCustomizer@0, org.springframework.boot.test.autoconfigure.web.servlet.WebDriverContextCustomizerFactory$Customizer@40f70521, org.springframework.boot.test.context.filter.ExcludeFilterContextCustomizer@31aa3ca5, org.springframework.boot.test.json.DuplicateJsonObjectContextCustomizerFactory$DuplicateJsonObjectContextCustomizer@2ccca26f, org.springframework.boot.test.mock.mockito.MockitoContextCustomizer@aa8e95ea], contextLoader = 'org.springframework.test.context.support.DelegatingSmartContextLoader', parent = [null]]]
16:34:52.047 [Test worker] DEBUG org.springframework.test.context.cache - Spring test ApplicationContext cache statistics: [DefaultContextCache@2e53b094 size = 1, maxSize = 32, parentContextCount = 0, hitCount = 5, missCount = 1]
16:34:52.058 [Test worker] DEBUG org.springframework.test.context.cache.DefaultCacheAwareContextLoaderDelegate - Retrieved ApplicationContext [609483101] from cache with key [[MergedContextConfiguration@37b70343 testClass = UserServiceTest, locations = '{}', classes = '{class alcuk.user.service.DefaultUserService}', contextInitializerClasses = '[]', activeProfiles = '{}', propertySourceLocations = '{}', propertySourceProperties = '{}', contextCustomizers = set[org.springframework.boot.test.autoconfigure.actuate.metrics.MetricsExportContextCustomizerFactory$DisableMetricExportContextCustomizer@6475472c, org.springframework.boot.test.autoconfigure.properties.PropertyMappingContextCustomizer@0, org.springframework.boot.test.autoconfigure.web.servlet.WebDriverContextCustomizerFactory$Customizer@40f70521, org.springframework.boot.test.context.filter.ExcludeFilterContextCustomizer@31aa3ca5, org.springframework.boot.test.json.DuplicateJsonObjectContextCustomizerFactory$DuplicateJsonObjectContextCustomizer@2ccca26f, org.springframework.boot.test.mock.mockito.MockitoContextCustomizer@aa8e95ea], contextLoader = 'org.springframework.test.context.support.DelegatingSmartContextLoader', parent = [null]]]
16:34:52.058 [Test worker] DEBUG org.springframework.test.context.cache - Spring test ApplicationContext cache statistics: [DefaultContextCache@2e53b094 size = 1, maxSize = 32, parentContextCount = 0, hitCount = 6, missCount = 1]
16:34:52.059 [Test worker] DEBUG org.springframework.test.context.cache.DefaultCacheAwareContextLoaderDelegate - Retrieved ApplicationContext [609483101] from cache with key [[MergedContextConfiguration@37b70343 testClass = UserServiceTest, locations = '{}', classes = '{class alcuk.user.service.DefaultUserService}', contextInitializerClasses = '[]', activeProfiles = '{}', propertySourceLocations = '{}', propertySourceProperties = '{}', contextCustomizers = set[org.springframework.boot.test.autoconfigure.actuate.metrics.MetricsExportContextCustomizerFactory$DisableMetricExportContextCustomizer@6475472c, org.springframework.boot.test.autoconfigure.properties.PropertyMappingContextCustomizer@0, org.springframework.boot.test.autoconfigure.web.servlet.WebDriverContextCustomizerFactory$Customizer@40f70521, org.springframework.boot.test.context.filter.ExcludeFilterContextCustomizer@31aa3ca5, org.springframework.boot.test.json.DuplicateJsonObjectContextCustomizerFactory$DuplicateJsonObjectContextCustomizer@2ccca26f, org.springframework.boot.test.mock.mockito.MockitoContextCustomizer@aa8e95ea], contextLoader = 'org.springframework.test.context.support.DelegatingSmartContextLoader', parent = [null]]]
16:34:52.059 [Test worker] DEBUG org.springframework.test.context.cache - Spring test ApplicationContext cache statistics: [DefaultContextCache@2e53b094 size = 1, maxSize = 32, parentContextCount = 0, hitCount = 7, missCount = 1]
16:34:52.059 [Test worker] DEBUG org.springframework.test.context.cache.DefaultCacheAwareContextLoaderDelegate - Retrieved ApplicationContext [609483101] from cache with key [[MergedContextConfiguration@37b70343 testClass = UserServiceTest, locations = '{}', classes = '{class alcuk.user.service.DefaultUserService}', contextInitializerClasses = '[]', activeProfiles = '{}', propertySourceLocations = '{}', propertySourceProperties = '{}', contextCustomizers = set[org.springframework.boot.test.autoconfigure.actuate.metrics.MetricsExportContextCustomizerFactory$DisableMetricExportContextCustomizer@6475472c, org.springframework.boot.test.autoconfigure.properties.PropertyMappingContextCustomizer@0, org.springframework.boot.test.autoconfigure.web.servlet.WebDriverContextCustomizerFactory$Customizer@40f70521, org.springframework.boot.test.context.filter.ExcludeFilterContextCustomizer@31aa3ca5, org.springframework.boot.test.json.DuplicateJsonObjectContextCustomizerFactory$DuplicateJsonObjectContextCustomizer@2ccca26f, org.springframework.boot.test.mock.mockito.MockitoContextCustomizer@aa8e95ea], contextLoader = 'org.springframework.test.context.support.DelegatingSmartContextLoader', parent = [null]]]
16:34:52.059 [Test worker] DEBUG org.springframework.test.context.cache - Spring test ApplicationContext cache statistics: [DefaultContextCache@2e53b094 size = 1, maxSize = 32, parentContextCount = 0, hitCount = 8, missCount = 1]
16:34:52.059 [Test worker] DEBUG org.springframework.test.context.cache.DefaultCacheAwareContextLoaderDelegate - Retrieved ApplicationContext [609483101] from cache with key [[MergedContextConfiguration@37b70343 testClass = UserServiceTest, locations = '{}', classes = '{class alcuk.user.service.DefaultUserService}', contextInitializerClasses = '[]', activeProfiles = '{}', propertySourceLocations = '{}', propertySourceProperties = '{}', contextCustomizers = set[org.springframework.boot.test.autoconfigure.actuate.metrics.MetricsExportContextCustomizerFactory$DisableMetricExportContextCustomizer@6475472c, org.springframework.boot.test.autoconfigure.properties.PropertyMappingContextCustomizer@0, org.springframework.boot.test.autoconfigure.web.servlet.WebDriverContextCustomizerFactory$Customizer@40f70521, org.springframework.boot.test.context.filter.ExcludeFilterContextCustomizer@31aa3ca5, org.springframework.boot.test.json.DuplicateJsonObjectContextCustomizerFactory$DuplicateJsonObjectContextCustomizer@2ccca26f, org.springframework.boot.test.mock.mockito.MockitoContextCustomizer@aa8e95ea], contextLoader = 'org.springframework.test.context.support.DelegatingSmartContextLoader', parent = [null]]]
16:34:52.059 [Test worker] DEBUG org.springframework.test.context.cache - Spring test ApplicationContext cache statistics: [DefaultContextCache@2e53b094 size = 1, maxSize = 32, parentContextCount = 0, hitCount = 9, missCount = 1]
16:34:52.060 [Test worker] DEBUG org.springframework.test.context.cache.DefaultCacheAwareContextLoaderDelegate - Retrieved ApplicationContext [609483101] from cache with key [[MergedContextConfiguration@37b70343 testClass = UserServiceTest, locations = '{}', classes = '{class alcuk.user.service.DefaultUserService}', contextInitializerClasses = '[]', activeProfiles = '{}', propertySourceLocations = '{}', propertySourceProperties = '{}', contextCustomizers = set[org.springframework.boot.test.autoconfigure.actuate.metrics.MetricsExportContextCustomizerFactory$DisableMetricExportContextCustomizer@6475472c, org.springframework.boot.test.autoconfigure.properties.PropertyMappingContextCustomizer@0, org.springframework.boot.test.autoconfigure.web.servlet.WebDriverContextCustomizerFactory$Customizer@40f70521, org.springframework.boot.test.context.filter.ExcludeFilterContextCustomizer@31aa3ca5, org.springframework.boot.test.json.DuplicateJsonObjectContextCustomizerFactory$DuplicateJsonObjectContextCustomizer@2ccca26f, org.springframework.boot.test.mock.mockito.MockitoContextCustomizer@aa8e95ea], contextLoader = 'org.springframework.test.context.support.DelegatingSmartContextLoader', parent = [null]]]
16:34:52.060 [Test worker] DEBUG org.springframework.test.context.cache - Spring test ApplicationContext cache statistics: [DefaultContextCache@2e53b094 size = 1, maxSize = 32, parentContextCount = 0, hitCount = 10, missCount = 1]
16:34:52.060 [Test worker] DEBUG org.springframework.test.context.cache.DefaultCacheAwareContextLoaderDelegate - Retrieved ApplicationContext [609483101] from cache with key [[MergedContextConfiguration@37b70343 testClass = UserServiceTest, locations = '{}', classes = '{class alcuk.user.service.DefaultUserService}', contextInitializerClasses = '[]', activeProfiles = '{}', propertySourceLocations = '{}', propertySourceProperties = '{}', contextCustomizers = set[org.springframework.boot.test.autoconfigure.actuate.metrics.MetricsExportContextCustomizerFactory$DisableMetricExportContextCustomizer@6475472c, org.springframework.boot.test.autoconfigure.properties.PropertyMappingContextCustomizer@0, org.springframework.boot.test.autoconfigure.web.servlet.WebDriverContextCustomizerFactory$Customizer@40f70521, org.springframework.boot.test.context.filter.ExcludeFilterContextCustomizer@31aa3ca5, org.springframework.boot.test.json.DuplicateJsonObjectContextCustomizerFactory$DuplicateJsonObjectContextCustomizer@2ccca26f, org.springframework.boot.test.mock.mockito.MockitoContextCustomizer@aa8e95ea], contextLoader = 'org.springframework.test.context.support.DelegatingSmartContextLoader', parent = [null]]]
16:34:52.060 [Test worker] DEBUG org.springframework.test.context.cache - Spring test ApplicationContext cache statistics: [DefaultContextCache@2e53b094 size = 1, maxSize = 32, parentContextCount = 0, hitCount = 11, missCount = 1]
16:34:52.060 [Test worker] DEBUG org.springframework.test.context.support.AbstractDirtiesContextTestExecutionListener - After test method: context [DefaultTestContext@75f5fd58 testClass = UserServiceTest, testInstance = alcuk.user.service.UserServiceTest@499ef98e, testMethod = CREATE_AND_READ_USER@UserServiceTest, testException = [null], mergedContextConfiguration = [MergedContextConfiguration@37b70343 testClass = UserServiceTest, locations = '{}', classes = '{class alcuk.user.service.DefaultUserService}', contextInitializerClasses = '[]', activeProfiles = '{}', propertySourceLocations = '{}', propertySourceProperties = '{}', contextCustomizers = set[org.springframework.boot.test.autoconfigure.actuate.metrics.MetricsExportContextCustomizerFactory$DisableMetricExportContextCustomizer@6475472c, org.springframework.boot.test.autoconfigure.properties.PropertyMappingContextCustomizer@0, org.springframework.boot.test.autoconfigure.web.servlet.WebDriverContextCustomizerFactory$Customizer@40f70521, org.springframework.boot.test.context.filter.ExcludeFilterContextCustomizer@31aa3ca5, org.springframework.boot.test.json.DuplicateJsonObjectContextCustomizerFactory$DuplicateJsonObjectContextCustomizer@2ccca26f, org.springframework.boot.test.mock.mockito.MockitoContextCustomizer@aa8e95ea], contextLoader = 'org.springframework.test.context.support.DelegatingSmartContextLoader', parent = [null]], attributes = map['org.springframework.test.context.event.ApplicationEventsTestExecutionListener.recordApplicationEvents' -> false]], class annotated with @DirtiesContext [false] with mode [null], method annotated with @DirtiesContext [false] with mode [null].
16:34:52.063 [Test worker] DEBUG org.springframework.test.context.cache.DefaultCacheAwareContextLoaderDelegate - Retrieved ApplicationContext [609483101] from cache with key [[MergedContextConfiguration@37b70343 testClass = UserServiceTest, locations = '{}', classes = '{class alcuk.user.service.DefaultUserService}', contextInitializerClasses = '[]', activeProfiles = '{}', propertySourceLocations = '{}', propertySourceProperties = '{}', contextCustomizers = set[org.springframework.boot.test.autoconfigure.actuate.metrics.MetricsExportContextCustomizerFactory$DisableMetricExportContextCustomizer@6475472c, org.springframework.boot.test.autoconfigure.properties.PropertyMappingContextCustomizer@0, org.springframework.boot.test.autoconfigure.web.servlet.WebDriverContextCustomizerFactory$Customizer@40f70521, org.springframework.boot.test.context.filter.ExcludeFilterContextCustomizer@31aa3ca5, org.springframework.boot.test.json.DuplicateJsonObjectContextCustomizerFactory$DuplicateJsonObjectContextCustomizer@2ccca26f, org.springframework.boot.test.mock.mockito.MockitoContextCustomizer@aa8e95ea], contextLoader = 'org.springframework.test.context.support.DelegatingSmartContextLoader', parent = [null]]]
16:34:52.063 [Test worker] DEBUG org.springframework.test.context.cache - Spring test ApplicationContext cache statistics: [DefaultContextCache@2e53b094 size = 1, maxSize = 32, parentContextCount = 0, hitCount = 12, missCount = 1]
16:34:52.064 [Test worker] DEBUG org.springframework.test.context.support.DependencyInjectionTestExecutionListener - Performing dependency injection for test context [[DefaultTestContext@75f5fd58 testClass = UserServiceTest, testInstance = alcuk.user.service.UserServiceTest@2b289ac9, testMethod = [null], testException = [null], mergedContextConfiguration = [MergedContextConfiguration@37b70343 testClass = UserServiceTest, locations = '{}', classes = '{class alcuk.user.service.DefaultUserService}', contextInitializerClasses = '[]', activeProfiles = '{}', propertySourceLocations = '{}', propertySourceProperties = '{}', contextCustomizers = set[org.springframework.boot.test.autoconfigure.actuate.metrics.MetricsExportContextCustomizerFactory$DisableMetricExportContextCustomizer@6475472c, org.springframework.boot.test.autoconfigure.properties.PropertyMappingContextCustomizer@0, org.springframework.boot.test.autoconfigure.web.servlet.WebDriverContextCustomizerFactory$Customizer@40f70521, org.springframework.boot.test.context.filter.ExcludeFilterContextCustomizer@31aa3ca5, org.springframework.boot.test.json.DuplicateJsonObjectContextCustomizerFactory$DuplicateJsonObjectContextCustomizer@2ccca26f, org.springframework.boot.test.mock.mockito.MockitoContextCustomizer@aa8e95ea], contextLoader = 'org.springframework.test.context.support.DelegatingSmartContextLoader', parent = [null]], attributes = map['org.springframework.test.context.event.ApplicationEventsTestExecutionListener.recordApplicationEvents' -> false]]].
16:34:52.064 [Test worker] DEBUG org.springframework.test.context.cache.DefaultCacheAwareContextLoaderDelegate - Retrieved ApplicationContext [609483101] from cache with key [[MergedContextConfiguration@37b70343 testClass = UserServiceTest, locations = '{}', classes = '{class alcuk.user.service.DefaultUserService}', contextInitializerClasses = '[]', activeProfiles = '{}', propertySourceLocations = '{}', propertySourceProperties = '{}', contextCustomizers = set[org.springframework.boot.test.autoconfigure.actuate.metrics.MetricsExportContextCustomizerFactory$DisableMetricExportContextCustomizer@6475472c, org.springframework.boot.test.autoconfigure.properties.PropertyMappingContextCustomizer@0, org.springframework.boot.test.autoconfigure.web.servlet.WebDriverContextCustomizerFactory$Customizer@40f70521, org.springframework.boot.test.context.filter.ExcludeFilterContextCustomizer@31aa3ca5, org.springframework.boot.test.json.DuplicateJsonObjectContextCustomizerFactory$DuplicateJsonObjectContextCustomizer@2ccca26f, org.springframework.boot.test.mock.mockito.MockitoContextCustomizer@aa8e95ea], contextLoader = 'org.springframework.test.context.support.DelegatingSmartContextLoader', parent = [null]]]
16:34:52.064 [Test worker] DEBUG org.springframework.test.context.cache - Spring test ApplicationContext cache statistics: [DefaultContextCache@2e53b094 size = 1, maxSize = 32, parentContextCount = 0, hitCount = 13, missCount = 1]
16:34:52.064 [Test worker] DEBUG org.springframework.test.context.cache.DefaultCacheAwareContextLoaderDelegate - Retrieved ApplicationContext [609483101] from cache with key [[MergedContextConfiguration@37b70343 testClass = UserServiceTest, locations = '{}', classes = '{class alcuk.user.service.DefaultUserService}', contextInitializerClasses = '[]', activeProfiles = '{}', propertySourceLocations = '{}', propertySourceProperties = '{}', contextCustomizers = set[org.springframework.boot.test.autoconfigure.actuate.metrics.MetricsExportContextCustomizerFactory$DisableMetricExportContextCustomizer@6475472c, org.springframework.boot.test.autoconfigure.properties.PropertyMappingContextCustomizer@0, org.springframework.boot.test.autoconfigure.web.servlet.WebDriverContextCustomizerFactory$Customizer@40f70521, org.springframework.boot.test.context.filter.ExcludeFilterContextCustomizer@31aa3ca5, org.springframework.boot.test.json.DuplicateJsonObjectContextCustomizerFactory$DuplicateJsonObjectContextCustomizer@2ccca26f, org.springframework.boot.test.mock.mockito.MockitoContextCustomizer@aa8e95ea], contextLoader = 'org.springframework.test.context.support.DelegatingSmartContextLoader', parent = [null]]]
16:34:52.064 [Test worker] DEBUG org.springframework.test.context.cache - Spring test ApplicationContext cache statistics: [DefaultContextCache@2e53b094 size = 1, maxSize = 32, parentContextCount = 0, hitCount = 14, missCount = 1]
16:34:52.066 [Test worker] DEBUG org.springframework.test.context.support.AbstractDirtiesContextTestExecutionListener - Before test method: context [DefaultTestContext@75f5fd58 testClass = UserServiceTest, testInstance = alcuk.user.service.UserServiceTest@2b289ac9, testMethod = DELETE_USER@UserServiceTest, testException = [null], mergedContextConfiguration = [MergedContextConfiguration@37b70343 testClass = UserServiceTest, locations = '{}', classes = '{class alcuk.user.service.DefaultUserService}', contextInitializerClasses = '[]', activeProfiles = '{}', propertySourceLocations = '{}', propertySourceProperties = '{}', contextCustomizers = set[org.springframework.boot.test.autoconfigure.actuate.metrics.MetricsExportContextCustomizerFactory$DisableMetricExportContextCustomizer@6475472c, org.springframework.boot.test.autoconfigure.properties.PropertyMappingContextCustomizer@0, org.springframework.boot.test.autoconfigure.web.servlet.WebDriverContextCustomizerFactory$Customizer@40f70521, org.springframework.boot.test.context.filter.ExcludeFilterContextCustomizer@31aa3ca5, org.springframework.boot.test.json.DuplicateJsonObjectContextCustomizerFactory$DuplicateJsonObjectContextCustomizer@2ccca26f, org.springframework.boot.test.mock.mockito.MockitoContextCustomizer@aa8e95ea], contextLoader = 'org.springframework.test.context.support.DelegatingSmartContextLoader', parent = [null]], attributes = map['org.springframework.test.context.event.ApplicationEventsTestExecutionListener.recordApplicationEvents' -> false]], class annotated with @DirtiesContext [false] with mode [null], method annotated with @DirtiesContext [false] with mode [null].
16:34:52.066 [Test worker] DEBUG org.springframework.test.context.cache.DefaultCacheAwareContextLoaderDelegate - Retrieved ApplicationContext [609483101] from cache with key [[MergedContextConfiguration@37b70343 testClass = UserServiceTest, locations = '{}', classes = '{class alcuk.user.service.DefaultUserService}', contextInitializerClasses = '[]', activeProfiles = '{}', propertySourceLocations = '{}', propertySourceProperties = '{}', contextCustomizers = set[org.springframework.boot.test.autoconfigure.actuate.metrics.MetricsExportContextCustomizerFactory$DisableMetricExportContextCustomizer@6475472c, org.springframework.boot.test.autoconfigure.properties.PropertyMappingContextCustomizer@0, org.springframework.boot.test.autoconfigure.web.servlet.WebDriverContextCustomizerFactory$Customizer@40f70521, org.springframework.boot.test.context.filter.ExcludeFilterContextCustomizer@31aa3ca5, org.springframework.boot.test.json.DuplicateJsonObjectContextCustomizerFactory$DuplicateJsonObjectContextCustomizer@2ccca26f, org.springframework.boot.test.mock.mockito.MockitoContextCustomizer@aa8e95ea], contextLoader = 'org.springframework.test.context.support.DelegatingSmartContextLoader', parent = [null]]]
16:34:52.066 [Test worker] DEBUG org.springframework.test.context.cache - Spring test ApplicationContext cache statistics: [DefaultContextCache@2e53b094 size = 1, maxSize = 32, parentContextCount = 0, hitCount = 15, missCount = 1]
16:34:52.066 [Test worker] DEBUG org.springframework.test.context.cache.DefaultCacheAwareContextLoaderDelegate - Retrieved ApplicationContext [609483101] from cache with key [[MergedContextConfiguration@37b70343 testClass = UserServiceTest, locations = '{}', classes = '{class alcuk.user.service.DefaultUserService}', contextInitializerClasses = '[]', activeProfiles = '{}', propertySourceLocations = '{}', propertySourceProperties = '{}', contextCustomizers = set[org.springframework.boot.test.autoconfigure.actuate.metrics.MetricsExportContextCustomizerFactory$DisableMetricExportContextCustomizer@6475472c, org.springframework.boot.test.autoconfigure.properties.PropertyMappingContextCustomizer@0, org.springframework.boot.test.autoconfigure.web.servlet.WebDriverContextCustomizerFactory$Customizer@40f70521, org.springframework.boot.test.context.filter.ExcludeFilterContextCustomizer@31aa3ca5, org.springframework.boot.test.json.DuplicateJsonObjectContextCustomizerFactory$DuplicateJsonObjectContextCustomizer@2ccca26f, org.springframework.boot.test.mock.mockito.MockitoContextCustomizer@aa8e95ea], contextLoader = 'org.springframework.test.context.support.DelegatingSmartContextLoader', parent = [null]]]
16:34:52.066 [Test worker] DEBUG org.springframework.test.context.cache - Spring test ApplicationContext cache statistics: [DefaultContextCache@2e53b094 size = 1, maxSize = 32, parentContextCount = 0, hitCount = 16, missCount = 1]
16:34:52.066 [Test worker] DEBUG org.springframework.test.context.cache.DefaultCacheAwareContextLoaderDelegate - Retrieved ApplicationContext [609483101] from cache with key [[MergedContextConfiguration@37b70343 testClass = UserServiceTest, locations = '{}', classes = '{class alcuk.user.service.DefaultUserService}', contextInitializerClasses = '[]', activeProfiles = '{}', propertySourceLocations = '{}', propertySourceProperties = '{}', contextCustomizers = set[org.springframework.boot.test.autoconfigure.actuate.metrics.MetricsExportContextCustomizerFactory$DisableMetricExportContextCustomizer@6475472c, org.springframework.boot.test.autoconfigure.properties.PropertyMappingContextCustomizer@0, org.springframework.boot.test.autoconfigure.web.servlet.WebDriverContextCustomizerFactory$Customizer@40f70521, org.springframework.boot.test.context.filter.ExcludeFilterContextCustomizer@31aa3ca5, org.springframework.boot.test.json.DuplicateJsonObjectContextCustomizerFactory$DuplicateJsonObjectContextCustomizer@2ccca26f, org.springframework.boot.test.mock.mockito.MockitoContextCustomizer@aa8e95ea], contextLoader = 'org.springframework.test.context.support.DelegatingSmartContextLoader', parent = [null]]]
16:34:52.066 [Test worker] DEBUG org.springframework.test.context.cache - Spring test ApplicationContext cache statistics: [DefaultContextCache@2e53b094 size = 1, maxSize = 32, parentContextCount = 0, hitCount = 17, missCount = 1]
16:34:52.067 [Test worker] DEBUG org.springframework.test.context.cache.DefaultCacheAwareContextLoaderDelegate - Retrieved ApplicationContext [609483101] from cache with key [[MergedContextConfiguration@37b70343 testClass = UserServiceTest, locations = '{}', classes = '{class alcuk.user.service.DefaultUserService}', contextInitializerClasses = '[]', activeProfiles = '{}', propertySourceLocations = '{}', propertySourceProperties = '{}', contextCustomizers = set[org.springframework.boot.test.autoconfigure.actuate.metrics.MetricsExportContextCustomizerFactory$DisableMetricExportContextCustomizer@6475472c, org.springframework.boot.test.autoconfigure.properties.PropertyMappingContextCustomizer@0, org.springframework.boot.test.autoconfigure.web.servlet.WebDriverContextCustomizerFactory$Customizer@40f70521, org.springframework.boot.test.context.filter.ExcludeFilterContextCustomizer@31aa3ca5, org.springframework.boot.test.json.DuplicateJsonObjectContextCustomizerFactory$DuplicateJsonObjectContextCustomizer@2ccca26f, org.springframework.boot.test.mock.mockito.MockitoContextCustomizer@aa8e95ea], contextLoader = 'org.springframework.test.context.support.DelegatingSmartContextLoader', parent = [null]]]
16:34:52.067 [Test worker] DEBUG org.springframework.test.context.cache - Spring test ApplicationContext cache statistics: [DefaultContextCache@2e53b094 size = 1, maxSize = 32, parentContextCount = 0, hitCount = 18, missCount = 1]
16:34:52.068 [Test worker] DEBUG org.springframework.test.context.cache.DefaultCacheAwareContextLoaderDelegate - Retrieved ApplicationContext [609483101] from cache with key [[MergedContextConfiguration@37b70343 testClass = UserServiceTest, locations = '{}', classes = '{class alcuk.user.service.DefaultUserService}', contextInitializerClasses = '[]', activeProfiles = '{}', propertySourceLocations = '{}', propertySourceProperties = '{}', contextCustomizers = set[org.springframework.boot.test.autoconfigure.actuate.metrics.MetricsExportContextCustomizerFactory$DisableMetricExportContextCustomizer@6475472c, org.springframework.boot.test.autoconfigure.properties.PropertyMappingContextCustomizer@0, org.springframework.boot.test.autoconfigure.web.servlet.WebDriverContextCustomizerFactory$Customizer@40f70521, org.springframework.boot.test.context.filter.ExcludeFilterContextCustomizer@31aa3ca5, org.springframework.boot.test.json.DuplicateJsonObjectContextCustomizerFactory$DuplicateJsonObjectContextCustomizer@2ccca26f, org.springframework.boot.test.mock.mockito.MockitoContextCustomizer@aa8e95ea], contextLoader = 'org.springframework.test.context.support.DelegatingSmartContextLoader', parent = [null]]]
16:34:52.068 [Test worker] DEBUG org.springframework.test.context.cache - Spring test ApplicationContext cache statistics: [DefaultContextCache@2e53b094 size = 1, maxSize = 32, parentContextCount = 0, hitCount = 19, missCount = 1]
16:34:52.068 [Test worker] DEBUG org.springframework.test.context.cache.DefaultCacheAwareContextLoaderDelegate - Retrieved ApplicationContext [609483101] from cache with key [[MergedContextConfiguration@37b70343 testClass = UserServiceTest, locations = '{}', classes = '{class alcuk.user.service.DefaultUserService}', contextInitializerClasses = '[]', activeProfiles = '{}', propertySourceLocations = '{}', propertySourceProperties = '{}', contextCustomizers = set[org.springframework.boot.test.autoconfigure.actuate.metrics.MetricsExportContextCustomizerFactory$DisableMetricExportContextCustomizer@6475472c, org.springframework.boot.test.autoconfigure.properties.PropertyMappingContextCustomizer@0, org.springframework.boot.test.autoconfigure.web.servlet.WebDriverContextCustomizerFactory$Customizer@40f70521, org.springframework.boot.test.context.filter.ExcludeFilterContextCustomizer@31aa3ca5, org.springframework.boot.test.json.DuplicateJsonObjectContextCustomizerFactory$DuplicateJsonObjectContextCustomizer@2ccca26f, org.springframework.boot.test.mock.mockito.MockitoContextCustomizer@aa8e95ea], contextLoader = 'org.springframework.test.context.support.DelegatingSmartContextLoader', parent = [null]]]
16:34:52.068 [Test worker] DEBUG org.springframework.test.context.cache - Spring test ApplicationContext cache statistics: [DefaultContextCache@2e53b094 size = 1, maxSize = 32, parentContextCount = 0, hitCount = 20, missCount = 1]
16:34:52.068 [Test worker] DEBUG org.springframework.test.context.cache.DefaultCacheAwareContextLoaderDelegate - Retrieved ApplicationContext [609483101] from cache with key [[MergedContextConfiguration@37b70343 testClass = UserServiceTest, locations = '{}', classes = '{class alcuk.user.service.DefaultUserService}', contextInitializerClasses = '[]', activeProfiles = '{}', propertySourceLocations = '{}', propertySourceProperties = '{}', contextCustomizers = set[org.springframework.boot.test.autoconfigure.actuate.metrics.MetricsExportContextCustomizerFactory$DisableMetricExportContextCustomizer@6475472c, org.springframework.boot.test.autoconfigure.properties.PropertyMappingContextCustomizer@0, org.springframework.boot.test.autoconfigure.web.servlet.WebDriverContextCustomizerFactory$Customizer@40f70521, org.springframework.boot.test.context.filter.ExcludeFilterContextCustomizer@31aa3ca5, org.springframework.boot.test.json.DuplicateJsonObjectContextCustomizerFactory$DuplicateJsonObjectContextCustomizer@2ccca26f, org.springframework.boot.test.mock.mockito.MockitoContextCustomizer@aa8e95ea], contextLoader = 'org.springframework.test.context.support.DelegatingSmartContextLoader', parent = [null]]]
16:34:52.068 [Test worker] DEBUG org.springframework.test.context.cache - Spring test ApplicationContext cache statistics: [DefaultContextCache@2e53b094 size = 1, maxSize = 32, parentContextCount = 0, hitCount = 21, missCount = 1]
16:34:52.068 [Test worker] DEBUG org.springframework.test.context.cache.DefaultCacheAwareContextLoaderDelegate - Retrieved ApplicationContext [609483101] from cache with key [[MergedContextConfiguration@37b70343 testClass = UserServiceTest, locations = '{}', classes = '{class alcuk.user.service.DefaultUserService}', contextInitializerClasses = '[]', activeProfiles = '{}', propertySourceLocations = '{}', propertySourceProperties = '{}', contextCustomizers = set[org.springframework.boot.test.autoconfigure.actuate.metrics.MetricsExportContextCustomizerFactory$DisableMetricExportContextCustomizer@6475472c, org.springframework.boot.test.autoconfigure.properties.PropertyMappingContextCustomizer@0, org.springframework.boot.test.autoconfigure.web.servlet.WebDriverContextCustomizerFactory$Customizer@40f70521, org.springframework.boot.test.context.filter.ExcludeFilterContextCustomizer@31aa3ca5, org.springframework.boot.test.json.DuplicateJsonObjectContextCustomizerFactory$DuplicateJsonObjectContextCustomizer@2ccca26f, org.springframework.boot.test.mock.mockito.MockitoContextCustomizer@aa8e95ea], contextLoader = 'org.springframework.test.context.support.DelegatingSmartContextLoader', parent = [null]]]
16:34:52.068 [Test worker] DEBUG org.springframework.test.context.cache - Spring test ApplicationContext cache statistics: [DefaultContextCache@2e53b094 size = 1, maxSize = 32, parentContextCount = 0, hitCount = 22, missCount = 1]
16:34:52.068 [Test worker] DEBUG org.springframework.test.context.cache.DefaultCacheAwareContextLoaderDelegate - Retrieved ApplicationContext [609483101] from cache with key [[MergedContextConfiguration@37b70343 testClass = UserServiceTest, locations = '{}', classes = '{class alcuk.user.service.DefaultUserService}', contextInitializerClasses = '[]', activeProfiles = '{}', propertySourceLocations = '{}', propertySourceProperties = '{}', contextCustomizers = set[org.springframework.boot.test.autoconfigure.actuate.metrics.MetricsExportContextCustomizerFactory$DisableMetricExportContextCustomizer@6475472c, org.springframework.boot.test.autoconfigure.properties.PropertyMappingContextCustomizer@0, org.springframework.boot.test.autoconfigure.web.servlet.WebDriverContextCustomizerFactory$Customizer@40f70521, org.springframework.boot.test.context.filter.ExcludeFilterContextCustomizer@31aa3ca5, org.springframework.boot.test.json.DuplicateJsonObjectContextCustomizerFactory$DuplicateJsonObjectContextCustomizer@2ccca26f, org.springframework.boot.test.mock.mockito.MockitoContextCustomizer@aa8e95ea], contextLoader = 'org.springframework.test.context.support.DelegatingSmartContextLoader', parent = [null]]]
16:34:52.068 [Test worker] DEBUG org.springframework.test.context.cache - Spring test ApplicationContext cache statistics: [DefaultContextCache@2e53b094 size = 1, maxSize = 32, parentContextCount = 0, hitCount = 23, missCount = 1]
16:34:52.069 [Test worker] DEBUG org.springframework.test.context.support.AbstractDirtiesContextTestExecutionListener - After test method: context [DefaultTestContext@75f5fd58 testClass = UserServiceTest, testInstance = alcuk.user.service.UserServiceTest@2b289ac9, testMethod = DELETE_USER@UserServiceTest, testException = [null], mergedContextConfiguration = [MergedContextConfiguration@37b70343 testClass = UserServiceTest, locations = '{}', classes = '{class alcuk.user.service.DefaultUserService}', contextInitializerClasses = '[]', activeProfiles = '{}', propertySourceLocations = '{}', propertySourceProperties = '{}', contextCustomizers = set[org.springframework.boot.test.autoconfigure.actuate.metrics.MetricsExportContextCustomizerFactory$DisableMetricExportContextCustomizer@6475472c, org.springframework.boot.test.autoconfigure.properties.PropertyMappingContextCustomizer@0, org.springframework.boot.test.autoconfigure.web.servlet.WebDriverContextCustomizerFactory$Customizer@40f70521, org.springframework.boot.test.context.filter.ExcludeFilterContextCustomizer@31aa3ca5, org.springframework.boot.test.json.DuplicateJsonObjectContextCustomizerFactory$DuplicateJsonObjectContextCustomizer@2ccca26f, org.springframework.boot.test.mock.mockito.MockitoContextCustomizer@aa8e95ea], contextLoader = 'org.springframework.test.context.support.DelegatingSmartContextLoader', parent = [null]], attributes = map['org.springframework.test.context.event.ApplicationEventsTestExecutionListener.recordApplicationEvents' -> false]], class annotated with @DirtiesContext [false] with mode [null], method annotated with @DirtiesContext [false] with mode [null].
16:34:52.070 [Test worker] DEBUG org.springframework.test.context.cache.DefaultCacheAwareContextLoaderDelegate - Retrieved ApplicationContext [609483101] from cache with key [[MergedContextConfiguration@37b70343 testClass = UserServiceTest, locations = '{}', classes = '{class alcuk.user.service.DefaultUserService}', contextInitializerClasses = '[]', activeProfiles = '{}', propertySourceLocations = '{}', propertySourceProperties = '{}', contextCustomizers = set[org.springframework.boot.test.autoconfigure.actuate.metrics.MetricsExportContextCustomizerFactory$DisableMetricExportContextCustomizer@6475472c, org.springframework.boot.test.autoconfigure.properties.PropertyMappingContextCustomizer@0, org.springframework.boot.test.autoconfigure.web.servlet.WebDriverContextCustomizerFactory$Customizer@40f70521, org.springframework.boot.test.context.filter.ExcludeFilterContextCustomizer@31aa3ca5, org.springframework.boot.test.json.DuplicateJsonObjectContextCustomizerFactory$DuplicateJsonObjectContextCustomizer@2ccca26f, org.springframework.boot.test.mock.mockito.MockitoContextCustomizer@aa8e95ea], contextLoader = 'org.springframework.test.context.support.DelegatingSmartContextLoader', parent = [null]]]
16:34:52.070 [Test worker] DEBUG org.springframework.test.context.cache - Spring test ApplicationContext cache statistics: [DefaultContextCache@2e53b094 size = 1, maxSize = 32, parentContextCount = 0, hitCount = 24, missCount = 1]
16:34:52.070 [Test worker] DEBUG org.springframework.test.context.support.AbstractDirtiesContextTestExecutionListener - After test class: context [DefaultTestContext@75f5fd58 testClass = UserServiceTest, testInstance = [null], testMethod = [null], testException = [null], mergedContextConfiguration = [MergedContextConfiguration@37b70343 testClass = UserServiceTest, locations = '{}', classes = '{class alcuk.user.service.DefaultUserService}', contextInitializerClasses = '[]', activeProfiles = '{}', propertySourceLocations = '{}', propertySourceProperties = '{}', contextCustomizers = set[org.springframework.boot.test.autoconfigure.actuate.metrics.MetricsExportContextCustomizerFactory$DisableMetricExportContextCustomizer@6475472c, org.springframework.boot.test.autoconfigure.properties.PropertyMappingContextCustomizer@0, org.springframework.boot.test.autoconfigure.web.servlet.WebDriverContextCustomizerFactory$Customizer@40f70521, org.springframework.boot.test.context.filter.ExcludeFilterContextCustomizer@31aa3ca5, org.springframework.boot.test.json.DuplicateJsonObjectContextCustomizerFactory$DuplicateJsonObjectContextCustomizer@2ccca26f, org.springframework.boot.test.mock.mockito.MockitoContextCustomizer@aa8e95ea], contextLoader = 'org.springframework.test.context.support.DelegatingSmartContextLoader', parent = [null]], attributes = map['org.springframework.test.context.event.ApplicationEventsTestExecutionListener.recordApplicationEvents' -> false]], class annotated with @DirtiesContext [false] with mode [null].
]]></system-out>
  <system-err><![CDATA[]]></system-err>
</testsuite>
