<?xml version="1.0" encoding="UTF-8"?>
<testsuite name="alcuk.repository.article.MemoryArticleServiceRepositoryTest" tests="2" skipped="0" failures="0" errors="0" timestamp="2023-01-04T18:04:45" hostname="simjonghan-ui-MacBookAir.local" time="0.172">
  <properties/>
  <testcase name="게시글 생성 및 조회 테스트" classname="alcuk.repository.article.MemoryArticleServiceRepositoryTest" time="0.167"/>
  <testcase name="게시글 생성 및 삭제 테스트" classname="alcuk.repository.article.MemoryArticleServiceRepositoryTest" time="0.003"/>
  <system-out><![CDATA[03:04:44.958 [Test worker] DEBUG org.springframework.test.context.BootstrapUtils - Instantiating CacheAwareContextLoaderDelegate from class [org.springframework.test.context.cache.DefaultCacheAwareContextLoaderDelegate]
03:04:44.965 [Test worker] DEBUG org.springframework.test.context.BootstrapUtils - Instantiating BootstrapContext using constructor [public org.springframework.test.context.support.DefaultBootstrapContext(java.lang.Class,org.springframework.test.context.CacheAwareContextLoaderDelegate)]
03:04:44.979 [Test worker] DEBUG org.springframework.test.context.BootstrapUtils - Instantiating TestContextBootstrapper for test class [alcuk.repository.article.MemoryArticleServiceRepositoryTest] from class [org.springframework.test.context.support.DefaultTestContextBootstrapper]
03:04:44.990 [Test worker] DEBUG org.springframework.test.context.support.AbstractDelegatingSmartContextLoader - Delegating to AnnotationConfigContextLoader to process context configuration [ContextConfigurationAttributes@7e7b159b declaringClass = 'alcuk.repository.article.MemoryArticleServiceRepositoryTest', classes = '{class alcuk.repository.article.MemoryArticleServiceRepository}', locations = '{}', inheritLocations = true, initializers = '{}', inheritInitializers = true, name = [null], contextLoaderClass = 'org.springframework.test.context.ContextLoader'].
03:04:45.009 [Test worker] DEBUG org.springframework.test.context.support.ActiveProfilesUtils - Could not find an 'annotation declaring class' for annotation type [org.springframework.test.context.ActiveProfiles] and class [alcuk.repository.article.MemoryArticleServiceRepositoryTest]
03:04:45.009 [Test worker] DEBUG org.springframework.test.context.support.DefaultTestContextBootstrapper - @TestExecutionListeners is not present for class [alcuk.repository.article.MemoryArticleServiceRepositoryTest]: using defaults.
03:04:45.009 [Test worker] INFO org.springframework.test.context.support.DefaultTestContextBootstrapper - Loaded default TestExecutionListener class names from location [META-INF/spring.factories]: [org.springframework.boot.test.autoconfigure.restdocs.RestDocsTestExecutionListener, org.springframework.boot.test.autoconfigure.web.client.MockRestServiceServerResetTestExecutionListener, org.springframework.boot.test.autoconfigure.web.servlet.MockMvcPrintOnlyOnFailureTestExecutionListener, org.springframework.boot.test.autoconfigure.web.servlet.WebDriverTestExecutionListener, org.springframework.boot.test.autoconfigure.webservices.client.MockWebServiceServerTestExecutionListener, org.springframework.boot.test.mock.mockito.MockitoTestExecutionListener, org.springframework.boot.test.mock.mockito.ResetMocksTestExecutionListener, org.springframework.test.context.web.ServletTestExecutionListener, org.springframework.test.context.support.DirtiesContextBeforeModesTestExecutionListener, org.springframework.test.context.event.ApplicationEventsTestExecutionListener, org.springframework.test.context.support.DependencyInjectionTestExecutionListener, org.springframework.test.context.support.DirtiesContextTestExecutionListener, org.springframework.test.context.transaction.TransactionalTestExecutionListener, org.springframework.test.context.jdbc.SqlScriptsTestExecutionListener, org.springframework.test.context.event.EventPublishingTestExecutionListener]
03:04:45.013 [Test worker] DEBUG org.springframework.test.context.support.DefaultTestContextBootstrapper - Skipping candidate TestExecutionListener [org.springframework.test.context.web.ServletTestExecutionListener] due to a missing dependency. Specify custom listener classes or make the default listener classes and their required dependencies available. Offending class: [javax/servlet/ServletContext]
03:04:45.014 [Test worker] DEBUG org.springframework.test.context.support.DefaultTestContextBootstrapper - Skipping candidate TestExecutionListener [org.springframework.test.context.transaction.TransactionalTestExecutionListener] due to a missing dependency. Specify custom listener classes or make the default listener classes and their required dependencies available. Offending class: [org/springframework/transaction/interceptor/TransactionAttributeSource]
03:04:45.014 [Test worker] DEBUG org.springframework.test.context.support.DefaultTestContextBootstrapper - Skipping candidate TestExecutionListener [org.springframework.test.context.jdbc.SqlScriptsTestExecutionListener] due to a missing dependency. Specify custom listener classes or make the default listener classes and their required dependencies available. Offending class: [org/springframework/transaction/interceptor/TransactionAttribute]
03:04:45.014 [Test worker] INFO org.springframework.test.context.support.DefaultTestContextBootstrapper - Using TestExecutionListeners: [org.springframework.test.context.support.DirtiesContextBeforeModesTestExecutionListener@2cae1042, org.springframework.test.context.event.ApplicationEventsTestExecutionListener@163d04ff, org.springframework.boot.test.mock.mockito.MockitoTestExecutionListener@7c209437, org.springframework.test.context.support.DependencyInjectionTestExecutionListener@2262b621, org.springframework.test.context.support.DirtiesContextTestExecutionListener@7e928e2f, org.springframework.test.context.event.EventPublishingTestExecutionListener@f667fe, org.springframework.boot.test.autoconfigure.restdocs.RestDocsTestExecutionListener@788fcafb, org.springframework.boot.test.autoconfigure.web.client.MockRestServiceServerResetTestExecutionListener@4febb875, org.springframework.boot.test.autoconfigure.web.servlet.MockMvcPrintOnlyOnFailureTestExecutionListener@25e2a451, org.springframework.boot.test.autoconfigure.web.servlet.WebDriverTestExecutionListener@1698ee84, org.springframework.boot.test.autoconfigure.webservices.client.MockWebServiceServerTestExecutionListener@10c626be, org.springframework.boot.test.mock.mockito.ResetMocksTestExecutionListener@2fc0cc3]
03:04:45.015 [Test worker] DEBUG org.springframework.test.context.support.AbstractDirtiesContextTestExecutionListener - Before test class: context [DefaultTestContext@3e5499cc testClass = MemoryArticleServiceRepositoryTest, testInstance = [null], testMethod = [null], testException = [null], mergedContextConfiguration = [MergedContextConfiguration@67ab1c47 testClass = MemoryArticleServiceRepositoryTest, locations = '{}', classes = '{class alcuk.repository.article.MemoryArticleServiceRepository}', contextInitializerClasses = '[]', activeProfiles = '{}', propertySourceLocations = '{}', propertySourceProperties = '{}', contextCustomizers = set[org.springframework.boot.test.autoconfigure.actuate.metrics.MetricsExportContextCustomizerFactory$DisableMetricExportContextCustomizer@2374d36a, org.springframework.boot.test.autoconfigure.properties.PropertyMappingContextCustomizer@0, org.springframework.boot.test.autoconfigure.web.servlet.WebDriverContextCustomizerFactory$Customizer@3e14c16d, org.springframework.boot.test.context.filter.ExcludeFilterContextCustomizer@5d1659ea, org.springframework.boot.test.json.DuplicateJsonObjectContextCustomizerFactory$DuplicateJsonObjectContextCustomizer@43aaf813, org.springframework.boot.test.mock.mockito.MockitoContextCustomizer@0], contextLoader = 'org.springframework.test.context.support.DelegatingSmartContextLoader', parent = [null]], attributes = map[[empty]]], class annotated with @DirtiesContext [false] with mode [null].
03:04:45.021 [Test worker] DEBUG org.springframework.test.context.support.DependencyInjectionTestExecutionListener - Performing dependency injection for test context [[DefaultTestContext@3e5499cc testClass = MemoryArticleServiceRepositoryTest, testInstance = alcuk.repository.article.MemoryArticleServiceRepositoryTest@4678a2eb, testMethod = [null], testException = [null], mergedContextConfiguration = [MergedContextConfiguration@67ab1c47 testClass = MemoryArticleServiceRepositoryTest, locations = '{}', classes = '{class alcuk.repository.article.MemoryArticleServiceRepository}', contextInitializerClasses = '[]', activeProfiles = '{}', propertySourceLocations = '{}', propertySourceProperties = '{}', contextCustomizers = set[org.springframework.boot.test.autoconfigure.actuate.metrics.MetricsExportContextCustomizerFactory$DisableMetricExportContextCustomizer@2374d36a, org.springframework.boot.test.autoconfigure.properties.PropertyMappingContextCustomizer@0, org.springframework.boot.test.autoconfigure.web.servlet.WebDriverContextCustomizerFactory$Customizer@3e14c16d, org.springframework.boot.test.context.filter.ExcludeFilterContextCustomizer@5d1659ea, org.springframework.boot.test.json.DuplicateJsonObjectContextCustomizerFactory$DuplicateJsonObjectContextCustomizer@43aaf813, org.springframework.boot.test.mock.mockito.MockitoContextCustomizer@0], contextLoader = 'org.springframework.test.context.support.DelegatingSmartContextLoader', parent = [null]], attributes = map['org.springframework.test.context.event.ApplicationEventsTestExecutionListener.recordApplicationEvents' -> false]]].
03:04:45.022 [Test worker] DEBUG org.springframework.test.context.support.AbstractDelegatingSmartContextLoader - Delegating to AnnotationConfigContextLoader to load context from [MergedContextConfiguration@67ab1c47 testClass = MemoryArticleServiceRepositoryTest, locations = '{}', classes = '{class alcuk.repository.article.MemoryArticleServiceRepository}', contextInitializerClasses = '[]', activeProfiles = '{}', propertySourceLocations = '{}', propertySourceProperties = '{}', contextCustomizers = set[org.springframework.boot.test.autoconfigure.actuate.metrics.MetricsExportContextCustomizerFactory$DisableMetricExportContextCustomizer@2374d36a, org.springframework.boot.test.autoconfigure.properties.PropertyMappingContextCustomizer@0, org.springframework.boot.test.autoconfigure.web.servlet.WebDriverContextCustomizerFactory$Customizer@3e14c16d, org.springframework.boot.test.context.filter.ExcludeFilterContextCustomizer@5d1659ea, org.springframework.boot.test.json.DuplicateJsonObjectContextCustomizerFactory$DuplicateJsonObjectContextCustomizer@43aaf813, org.springframework.boot.test.mock.mockito.MockitoContextCustomizer@0], contextLoader = 'org.springframework.test.context.support.DelegatingSmartContextLoader', parent = [null]].
03:04:45.022 [Test worker] DEBUG org.springframework.test.context.support.AbstractGenericContextLoader - Loading ApplicationContext for merged context configuration [[MergedContextConfiguration@67ab1c47 testClass = MemoryArticleServiceRepositoryTest, locations = '{}', classes = '{class alcuk.repository.article.MemoryArticleServiceRepository}', contextInitializerClasses = '[]', activeProfiles = '{}', propertySourceLocations = '{}', propertySourceProperties = '{}', contextCustomizers = set[org.springframework.boot.test.autoconfigure.actuate.metrics.MetricsExportContextCustomizerFactory$DisableMetricExportContextCustomizer@2374d36a, org.springframework.boot.test.autoconfigure.properties.PropertyMappingContextCustomizer@0, org.springframework.boot.test.autoconfigure.web.servlet.WebDriverContextCustomizerFactory$Customizer@3e14c16d, org.springframework.boot.test.context.filter.ExcludeFilterContextCustomizer@5d1659ea, org.springframework.boot.test.json.DuplicateJsonObjectContextCustomizerFactory$DuplicateJsonObjectContextCustomizer@43aaf813, org.springframework.boot.test.mock.mockito.MockitoContextCustomizer@0], contextLoader = 'org.springframework.test.context.support.DelegatingSmartContextLoader', parent = [null]]].
03:04:45.041 [Test worker] DEBUG org.springframework.core.env.StandardEnvironment - Activating profiles []
03:04:45.041 [Test worker] DEBUG org.springframework.test.context.support.AnnotationConfigContextLoader - Registering component classes: {class alcuk.repository.article.MemoryArticleServiceRepository}
03:04:45.059 [Test worker] DEBUG org.springframework.context.support.GenericApplicationContext - Refreshing org.springframework.context.support.GenericApplicationContext@37bd68c3
03:04:45.065 [Test worker] DEBUG org.springframework.beans.factory.support.DefaultListableBeanFactory - Creating shared instance of singleton bean 'org.springframework.context.annotation.internalConfigurationAnnotationProcessor'
03:04:45.078 [Test worker] DEBUG org.springframework.beans.factory.support.DefaultListableBeanFactory - Creating shared instance of singleton bean 'org.springframework.boot.test.mock.mockito.MockitoPostProcessor'
03:04:45.085 [Test worker] DEBUG org.springframework.beans.factory.support.DefaultListableBeanFactory - Creating shared instance of singleton bean 'org.springframework.context.event.internalEventListenerProcessor'
03:04:45.086 [Test worker] DEBUG org.springframework.beans.factory.support.DefaultListableBeanFactory - Creating shared instance of singleton bean 'org.springframework.context.event.internalEventListenerFactory'
03:04:45.086 [Test worker] DEBUG org.springframework.beans.factory.support.DefaultListableBeanFactory - Creating shared instance of singleton bean 'org.springframework.context.annotation.internalAutowiredAnnotationProcessor'
03:04:45.087 [Test worker] DEBUG org.springframework.beans.factory.support.DefaultListableBeanFactory - Creating shared instance of singleton bean 'org.springframework.context.annotation.internalCommonAnnotationProcessor'
03:04:45.089 [Test worker] DEBUG org.springframework.beans.factory.support.DefaultListableBeanFactory - Creating shared instance of singleton bean 'org.springframework.boot.test.mock.mockito.MockitoPostProcessor$SpyPostProcessor'
03:04:45.095 [Test worker] DEBUG org.springframework.beans.factory.support.DefaultListableBeanFactory - Creating shared instance of singleton bean 'memoryArticleServiceRepository'
03:04:45.113 [Test worker] DEBUG org.springframework.test.context.cache.DefaultCacheAwareContextLoaderDelegate - Storing ApplicationContext [935160003] in cache under key [[MergedContextConfiguration@67ab1c47 testClass = MemoryArticleServiceRepositoryTest, locations = '{}', classes = '{class alcuk.repository.article.MemoryArticleServiceRepository}', contextInitializerClasses = '[]', activeProfiles = '{}', propertySourceLocations = '{}', propertySourceProperties = '{}', contextCustomizers = set[org.springframework.boot.test.autoconfigure.actuate.metrics.MetricsExportContextCustomizerFactory$DisableMetricExportContextCustomizer@2374d36a, org.springframework.boot.test.autoconfigure.properties.PropertyMappingContextCustomizer@0, org.springframework.boot.test.autoconfigure.web.servlet.WebDriverContextCustomizerFactory$Customizer@3e14c16d, org.springframework.boot.test.context.filter.ExcludeFilterContextCustomizer@5d1659ea, org.springframework.boot.test.json.DuplicateJsonObjectContextCustomizerFactory$DuplicateJsonObjectContextCustomizer@43aaf813, org.springframework.boot.test.mock.mockito.MockitoContextCustomizer@0], contextLoader = 'org.springframework.test.context.support.DelegatingSmartContextLoader', parent = [null]]]
03:04:45.113 [Test worker] DEBUG org.springframework.test.context.cache - Spring test ApplicationContext cache statistics: [DefaultContextCache@610db97e size = 1, maxSize = 32, parentContextCount = 0, hitCount = 0, missCount = 1]
03:04:45.116 [Test worker] DEBUG org.springframework.test.context.cache.DefaultCacheAwareContextLoaderDelegate - Retrieved ApplicationContext [935160003] from cache with key [[MergedContextConfiguration@67ab1c47 testClass = MemoryArticleServiceRepositoryTest, locations = '{}', classes = '{class alcuk.repository.article.MemoryArticleServiceRepository}', contextInitializerClasses = '[]', activeProfiles = '{}', propertySourceLocations = '{}', propertySourceProperties = '{}', contextCustomizers = set[org.springframework.boot.test.autoconfigure.actuate.metrics.MetricsExportContextCustomizerFactory$DisableMetricExportContextCustomizer@2374d36a, org.springframework.boot.test.autoconfigure.properties.PropertyMappingContextCustomizer@0, org.springframework.boot.test.autoconfigure.web.servlet.WebDriverContextCustomizerFactory$Customizer@3e14c16d, org.springframework.boot.test.context.filter.ExcludeFilterContextCustomizer@5d1659ea, org.springframework.boot.test.json.DuplicateJsonObjectContextCustomizerFactory$DuplicateJsonObjectContextCustomizer@43aaf813, org.springframework.boot.test.mock.mockito.MockitoContextCustomizer@0], contextLoader = 'org.springframework.test.context.support.DelegatingSmartContextLoader', parent = [null]]]
03:04:45.116 [Test worker] DEBUG org.springframework.test.context.cache - Spring test ApplicationContext cache statistics: [DefaultContextCache@610db97e size = 1, maxSize = 32, parentContextCount = 0, hitCount = 1, missCount = 1]
03:04:45.118 [Test worker] DEBUG org.springframework.test.context.support.AbstractDirtiesContextTestExecutionListener - Before test method: context [DefaultTestContext@3e5499cc testClass = MemoryArticleServiceRepositoryTest, testInstance = alcuk.repository.article.MemoryArticleServiceRepositoryTest@4678a2eb, testMethod = CREATE_AND_READ_ARTICLE_TEST@MemoryArticleServiceRepositoryTest, testException = [null], mergedContextConfiguration = [MergedContextConfiguration@67ab1c47 testClass = MemoryArticleServiceRepositoryTest, locations = '{}', classes = '{class alcuk.repository.article.MemoryArticleServiceRepository}', contextInitializerClasses = '[]', activeProfiles = '{}', propertySourceLocations = '{}', propertySourceProperties = '{}', contextCustomizers = set[org.springframework.boot.test.autoconfigure.actuate.metrics.MetricsExportContextCustomizerFactory$DisableMetricExportContextCustomizer@2374d36a, org.springframework.boot.test.autoconfigure.properties.PropertyMappingContextCustomizer@0, org.springframework.boot.test.autoconfigure.web.servlet.WebDriverContextCustomizerFactory$Customizer@3e14c16d, org.springframework.boot.test.context.filter.ExcludeFilterContextCustomizer@5d1659ea, org.springframework.boot.test.json.DuplicateJsonObjectContextCustomizerFactory$DuplicateJsonObjectContextCustomizer@43aaf813, org.springframework.boot.test.mock.mockito.MockitoContextCustomizer@0], contextLoader = 'org.springframework.test.context.support.DelegatingSmartContextLoader', parent = [null]], attributes = map['org.springframework.test.context.event.ApplicationEventsTestExecutionListener.recordApplicationEvents' -> false]], class annotated with @DirtiesContext [false] with mode [null], method annotated with @DirtiesContext [false] with mode [null].
03:04:45.119 [Test worker] DEBUG org.springframework.test.context.cache.DefaultCacheAwareContextLoaderDelegate - Retrieved ApplicationContext [935160003] from cache with key [[MergedContextConfiguration@67ab1c47 testClass = MemoryArticleServiceRepositoryTest, locations = '{}', classes = '{class alcuk.repository.article.MemoryArticleServiceRepository}', contextInitializerClasses = '[]', activeProfiles = '{}', propertySourceLocations = '{}', propertySourceProperties = '{}', contextCustomizers = set[org.springframework.boot.test.autoconfigure.actuate.metrics.MetricsExportContextCustomizerFactory$DisableMetricExportContextCustomizer@2374d36a, org.springframework.boot.test.autoconfigure.properties.PropertyMappingContextCustomizer@0, org.springframework.boot.test.autoconfigure.web.servlet.WebDriverContextCustomizerFactory$Customizer@3e14c16d, org.springframework.boot.test.context.filter.ExcludeFilterContextCustomizer@5d1659ea, org.springframework.boot.test.json.DuplicateJsonObjectContextCustomizerFactory$DuplicateJsonObjectContextCustomizer@43aaf813, org.springframework.boot.test.mock.mockito.MockitoContextCustomizer@0], contextLoader = 'org.springframework.test.context.support.DelegatingSmartContextLoader', parent = [null]]]
03:04:45.119 [Test worker] DEBUG org.springframework.test.context.cache - Spring test ApplicationContext cache statistics: [DefaultContextCache@610db97e size = 1, maxSize = 32, parentContextCount = 0, hitCount = 2, missCount = 1]
03:04:45.119 [Test worker] DEBUG org.springframework.test.context.cache.DefaultCacheAwareContextLoaderDelegate - Retrieved ApplicationContext [935160003] from cache with key [[MergedContextConfiguration@67ab1c47 testClass = MemoryArticleServiceRepositoryTest, locations = '{}', classes = '{class alcuk.repository.article.MemoryArticleServiceRepository}', contextInitializerClasses = '[]', activeProfiles = '{}', propertySourceLocations = '{}', propertySourceProperties = '{}', contextCustomizers = set[org.springframework.boot.test.autoconfigure.actuate.metrics.MetricsExportContextCustomizerFactory$DisableMetricExportContextCustomizer@2374d36a, org.springframework.boot.test.autoconfigure.properties.PropertyMappingContextCustomizer@0, org.springframework.boot.test.autoconfigure.web.servlet.WebDriverContextCustomizerFactory$Customizer@3e14c16d, org.springframework.boot.test.context.filter.ExcludeFilterContextCustomizer@5d1659ea, org.springframework.boot.test.json.DuplicateJsonObjectContextCustomizerFactory$DuplicateJsonObjectContextCustomizer@43aaf813, org.springframework.boot.test.mock.mockito.MockitoContextCustomizer@0], contextLoader = 'org.springframework.test.context.support.DelegatingSmartContextLoader', parent = [null]]]
03:04:45.119 [Test worker] DEBUG org.springframework.test.context.cache - Spring test ApplicationContext cache statistics: [DefaultContextCache@610db97e size = 1, maxSize = 32, parentContextCount = 0, hitCount = 3, missCount = 1]
03:04:45.270 [Test worker] DEBUG org.springframework.test.context.cache.DefaultCacheAwareContextLoaderDelegate - Retrieved ApplicationContext [935160003] from cache with key [[MergedContextConfiguration@67ab1c47 testClass = MemoryArticleServiceRepositoryTest, locations = '{}', classes = '{class alcuk.repository.article.MemoryArticleServiceRepository}', contextInitializerClasses = '[]', activeProfiles = '{}', propertySourceLocations = '{}', propertySourceProperties = '{}', contextCustomizers = set[org.springframework.boot.test.autoconfigure.actuate.metrics.MetricsExportContextCustomizerFactory$DisableMetricExportContextCustomizer@2374d36a, org.springframework.boot.test.autoconfigure.properties.PropertyMappingContextCustomizer@0, org.springframework.boot.test.autoconfigure.web.servlet.WebDriverContextCustomizerFactory$Customizer@3e14c16d, org.springframework.boot.test.context.filter.ExcludeFilterContextCustomizer@5d1659ea, org.springframework.boot.test.json.DuplicateJsonObjectContextCustomizerFactory$DuplicateJsonObjectContextCustomizer@43aaf813, org.springframework.boot.test.mock.mockito.MockitoContextCustomizer@0], contextLoader = 'org.springframework.test.context.support.DelegatingSmartContextLoader', parent = [null]]]
03:04:45.270 [Test worker] DEBUG org.springframework.test.context.cache - Spring test ApplicationContext cache statistics: [DefaultContextCache@610db97e size = 1, maxSize = 32, parentContextCount = 0, hitCount = 4, missCount = 1]
03:04:45.277 [Test worker] DEBUG org.springframework.test.context.cache.DefaultCacheAwareContextLoaderDelegate - Retrieved ApplicationContext [935160003] from cache with key [[MergedContextConfiguration@67ab1c47 testClass = MemoryArticleServiceRepositoryTest, locations = '{}', classes = '{class alcuk.repository.article.MemoryArticleServiceRepository}', contextInitializerClasses = '[]', activeProfiles = '{}', propertySourceLocations = '{}', propertySourceProperties = '{}', contextCustomizers = set[org.springframework.boot.test.autoconfigure.actuate.metrics.MetricsExportContextCustomizerFactory$DisableMetricExportContextCustomizer@2374d36a, org.springframework.boot.test.autoconfigure.properties.PropertyMappingContextCustomizer@0, org.springframework.boot.test.autoconfigure.web.servlet.WebDriverContextCustomizerFactory$Customizer@3e14c16d, org.springframework.boot.test.context.filter.ExcludeFilterContextCustomizer@5d1659ea, org.springframework.boot.test.json.DuplicateJsonObjectContextCustomizerFactory$DuplicateJsonObjectContextCustomizer@43aaf813, org.springframework.boot.test.mock.mockito.MockitoContextCustomizer@0], contextLoader = 'org.springframework.test.context.support.DelegatingSmartContextLoader', parent = [null]]]
03:04:45.277 [Test worker] DEBUG org.springframework.test.context.cache - Spring test ApplicationContext cache statistics: [DefaultContextCache@610db97e size = 1, maxSize = 32, parentContextCount = 0, hitCount = 5, missCount = 1]
03:04:45.278 [Test worker] DEBUG org.springframework.test.context.cache.DefaultCacheAwareContextLoaderDelegate - Retrieved ApplicationContext [935160003] from cache with key [[MergedContextConfiguration@67ab1c47 testClass = MemoryArticleServiceRepositoryTest, locations = '{}', classes = '{class alcuk.repository.article.MemoryArticleServiceRepository}', contextInitializerClasses = '[]', activeProfiles = '{}', propertySourceLocations = '{}', propertySourceProperties = '{}', contextCustomizers = set[org.springframework.boot.test.autoconfigure.actuate.metrics.MetricsExportContextCustomizerFactory$DisableMetricExportContextCustomizer@2374d36a, org.springframework.boot.test.autoconfigure.properties.PropertyMappingContextCustomizer@0, org.springframework.boot.test.autoconfigure.web.servlet.WebDriverContextCustomizerFactory$Customizer@3e14c16d, org.springframework.boot.test.context.filter.ExcludeFilterContextCustomizer@5d1659ea, org.springframework.boot.test.json.DuplicateJsonObjectContextCustomizerFactory$DuplicateJsonObjectContextCustomizer@43aaf813, org.springframework.boot.test.mock.mockito.MockitoContextCustomizer@0], contextLoader = 'org.springframework.test.context.support.DelegatingSmartContextLoader', parent = [null]]]
03:04:45.278 [Test worker] DEBUG org.springframework.test.context.cache - Spring test ApplicationContext cache statistics: [DefaultContextCache@610db97e size = 1, maxSize = 32, parentContextCount = 0, hitCount = 6, missCount = 1]
03:04:45.278 [Test worker] DEBUG org.springframework.test.context.cache.DefaultCacheAwareContextLoaderDelegate - Retrieved ApplicationContext [935160003] from cache with key [[MergedContextConfiguration@67ab1c47 testClass = MemoryArticleServiceRepositoryTest, locations = '{}', classes = '{class alcuk.repository.article.MemoryArticleServiceRepository}', contextInitializerClasses = '[]', activeProfiles = '{}', propertySourceLocations = '{}', propertySourceProperties = '{}', contextCustomizers = set[org.springframework.boot.test.autoconfigure.actuate.metrics.MetricsExportContextCustomizerFactory$DisableMetricExportContextCustomizer@2374d36a, org.springframework.boot.test.autoconfigure.properties.PropertyMappingContextCustomizer@0, org.springframework.boot.test.autoconfigure.web.servlet.WebDriverContextCustomizerFactory$Customizer@3e14c16d, org.springframework.boot.test.context.filter.ExcludeFilterContextCustomizer@5d1659ea, org.springframework.boot.test.json.DuplicateJsonObjectContextCustomizerFactory$DuplicateJsonObjectContextCustomizer@43aaf813, org.springframework.boot.test.mock.mockito.MockitoContextCustomizer@0], contextLoader = 'org.springframework.test.context.support.DelegatingSmartContextLoader', parent = [null]]]
03:04:45.278 [Test worker] DEBUG org.springframework.test.context.cache - Spring test ApplicationContext cache statistics: [DefaultContextCache@610db97e size = 1, maxSize = 32, parentContextCount = 0, hitCount = 7, missCount = 1]
03:04:45.279 [Test worker] DEBUG org.springframework.test.context.cache.DefaultCacheAwareContextLoaderDelegate - Retrieved ApplicationContext [935160003] from cache with key [[MergedContextConfiguration@67ab1c47 testClass = MemoryArticleServiceRepositoryTest, locations = '{}', classes = '{class alcuk.repository.article.MemoryArticleServiceRepository}', contextInitializerClasses = '[]', activeProfiles = '{}', propertySourceLocations = '{}', propertySourceProperties = '{}', contextCustomizers = set[org.springframework.boot.test.autoconfigure.actuate.metrics.MetricsExportContextCustomizerFactory$DisableMetricExportContextCustomizer@2374d36a, org.springframework.boot.test.autoconfigure.properties.PropertyMappingContextCustomizer@0, org.springframework.boot.test.autoconfigure.web.servlet.WebDriverContextCustomizerFactory$Customizer@3e14c16d, org.springframework.boot.test.context.filter.ExcludeFilterContextCustomizer@5d1659ea, org.springframework.boot.test.json.DuplicateJsonObjectContextCustomizerFactory$DuplicateJsonObjectContextCustomizer@43aaf813, org.springframework.boot.test.mock.mockito.MockitoContextCustomizer@0], contextLoader = 'org.springframework.test.context.support.DelegatingSmartContextLoader', parent = [null]]]
03:04:45.279 [Test worker] DEBUG org.springframework.test.context.cache - Spring test ApplicationContext cache statistics: [DefaultContextCache@610db97e size = 1, maxSize = 32, parentContextCount = 0, hitCount = 8, missCount = 1]
03:04:45.279 [Test worker] DEBUG org.springframework.test.context.cache.DefaultCacheAwareContextLoaderDelegate - Retrieved ApplicationContext [935160003] from cache with key [[MergedContextConfiguration@67ab1c47 testClass = MemoryArticleServiceRepositoryTest, locations = '{}', classes = '{class alcuk.repository.article.MemoryArticleServiceRepository}', contextInitializerClasses = '[]', activeProfiles = '{}', propertySourceLocations = '{}', propertySourceProperties = '{}', contextCustomizers = set[org.springframework.boot.test.autoconfigure.actuate.metrics.MetricsExportContextCustomizerFactory$DisableMetricExportContextCustomizer@2374d36a, org.springframework.boot.test.autoconfigure.properties.PropertyMappingContextCustomizer@0, org.springframework.boot.test.autoconfigure.web.servlet.WebDriverContextCustomizerFactory$Customizer@3e14c16d, org.springframework.boot.test.context.filter.ExcludeFilterContextCustomizer@5d1659ea, org.springframework.boot.test.json.DuplicateJsonObjectContextCustomizerFactory$DuplicateJsonObjectContextCustomizer@43aaf813, org.springframework.boot.test.mock.mockito.MockitoContextCustomizer@0], contextLoader = 'org.springframework.test.context.support.DelegatingSmartContextLoader', parent = [null]]]
03:04:45.280 [Test worker] DEBUG org.springframework.test.context.cache - Spring test ApplicationContext cache statistics: [DefaultContextCache@610db97e size = 1, maxSize = 32, parentContextCount = 0, hitCount = 9, missCount = 1]
03:04:45.280 [Test worker] DEBUG org.springframework.test.context.cache.DefaultCacheAwareContextLoaderDelegate - Retrieved ApplicationContext [935160003] from cache with key [[MergedContextConfiguration@67ab1c47 testClass = MemoryArticleServiceRepositoryTest, locations = '{}', classes = '{class alcuk.repository.article.MemoryArticleServiceRepository}', contextInitializerClasses = '[]', activeProfiles = '{}', propertySourceLocations = '{}', propertySourceProperties = '{}', contextCustomizers = set[org.springframework.boot.test.autoconfigure.actuate.metrics.MetricsExportContextCustomizerFactory$DisableMetricExportContextCustomizer@2374d36a, org.springframework.boot.test.autoconfigure.properties.PropertyMappingContextCustomizer@0, org.springframework.boot.test.autoconfigure.web.servlet.WebDriverContextCustomizerFactory$Customizer@3e14c16d, org.springframework.boot.test.context.filter.ExcludeFilterContextCustomizer@5d1659ea, org.springframework.boot.test.json.DuplicateJsonObjectContextCustomizerFactory$DuplicateJsonObjectContextCustomizer@43aaf813, org.springframework.boot.test.mock.mockito.MockitoContextCustomizer@0], contextLoader = 'org.springframework.test.context.support.DelegatingSmartContextLoader', parent = [null]]]
03:04:45.280 [Test worker] DEBUG org.springframework.test.context.cache - Spring test ApplicationContext cache statistics: [DefaultContextCache@610db97e size = 1, maxSize = 32, parentContextCount = 0, hitCount = 10, missCount = 1]
03:04:45.281 [Test worker] DEBUG org.springframework.test.context.support.AbstractDirtiesContextTestExecutionListener - After test method: context [DefaultTestContext@3e5499cc testClass = MemoryArticleServiceRepositoryTest, testInstance = alcuk.repository.article.MemoryArticleServiceRepositoryTest@4678a2eb, testMethod = CREATE_AND_READ_ARTICLE_TEST@MemoryArticleServiceRepositoryTest, testException = [null], mergedContextConfiguration = [MergedContextConfiguration@67ab1c47 testClass = MemoryArticleServiceRepositoryTest, locations = '{}', classes = '{class alcuk.repository.article.MemoryArticleServiceRepository}', contextInitializerClasses = '[]', activeProfiles = '{}', propertySourceLocations = '{}', propertySourceProperties = '{}', contextCustomizers = set[org.springframework.boot.test.autoconfigure.actuate.metrics.MetricsExportContextCustomizerFactory$DisableMetricExportContextCustomizer@2374d36a, org.springframework.boot.test.autoconfigure.properties.PropertyMappingContextCustomizer@0, org.springframework.boot.test.autoconfigure.web.servlet.WebDriverContextCustomizerFactory$Customizer@3e14c16d, org.springframework.boot.test.context.filter.ExcludeFilterContextCustomizer@5d1659ea, org.springframework.boot.test.json.DuplicateJsonObjectContextCustomizerFactory$DuplicateJsonObjectContextCustomizer@43aaf813, org.springframework.boot.test.mock.mockito.MockitoContextCustomizer@0], contextLoader = 'org.springframework.test.context.support.DelegatingSmartContextLoader', parent = [null]], attributes = map['org.springframework.test.context.event.ApplicationEventsTestExecutionListener.recordApplicationEvents' -> false]], class annotated with @DirtiesContext [false] with mode [null], method annotated with @DirtiesContext [false] with mode [null].
03:04:45.284 [Test worker] DEBUG org.springframework.test.context.support.DependencyInjectionTestExecutionListener - Performing dependency injection for test context [[DefaultTestContext@3e5499cc testClass = MemoryArticleServiceRepositoryTest, testInstance = alcuk.repository.article.MemoryArticleServiceRepositoryTest@507b79f7, testMethod = [null], testException = [null], mergedContextConfiguration = [MergedContextConfiguration@67ab1c47 testClass = MemoryArticleServiceRepositoryTest, locations = '{}', classes = '{class alcuk.repository.article.MemoryArticleServiceRepository}', contextInitializerClasses = '[]', activeProfiles = '{}', propertySourceLocations = '{}', propertySourceProperties = '{}', contextCustomizers = set[org.springframework.boot.test.autoconfigure.actuate.metrics.MetricsExportContextCustomizerFactory$DisableMetricExportContextCustomizer@2374d36a, org.springframework.boot.test.autoconfigure.properties.PropertyMappingContextCustomizer@0, org.springframework.boot.test.autoconfigure.web.servlet.WebDriverContextCustomizerFactory$Customizer@3e14c16d, org.springframework.boot.test.context.filter.ExcludeFilterContextCustomizer@5d1659ea, org.springframework.boot.test.json.DuplicateJsonObjectContextCustomizerFactory$DuplicateJsonObjectContextCustomizer@43aaf813, org.springframework.boot.test.mock.mockito.MockitoContextCustomizer@0], contextLoader = 'org.springframework.test.context.support.DelegatingSmartContextLoader', parent = [null]], attributes = map['org.springframework.test.context.event.ApplicationEventsTestExecutionListener.recordApplicationEvents' -> false]]].
03:04:45.285 [Test worker] DEBUG org.springframework.test.context.cache.DefaultCacheAwareContextLoaderDelegate - Retrieved ApplicationContext [935160003] from cache with key [[MergedContextConfiguration@67ab1c47 testClass = MemoryArticleServiceRepositoryTest, locations = '{}', classes = '{class alcuk.repository.article.MemoryArticleServiceRepository}', contextInitializerClasses = '[]', activeProfiles = '{}', propertySourceLocations = '{}', propertySourceProperties = '{}', contextCustomizers = set[org.springframework.boot.test.autoconfigure.actuate.metrics.MetricsExportContextCustomizerFactory$DisableMetricExportContextCustomizer@2374d36a, org.springframework.boot.test.autoconfigure.properties.PropertyMappingContextCustomizer@0, org.springframework.boot.test.autoconfigure.web.servlet.WebDriverContextCustomizerFactory$Customizer@3e14c16d, org.springframework.boot.test.context.filter.ExcludeFilterContextCustomizer@5d1659ea, org.springframework.boot.test.json.DuplicateJsonObjectContextCustomizerFactory$DuplicateJsonObjectContextCustomizer@43aaf813, org.springframework.boot.test.mock.mockito.MockitoContextCustomizer@0], contextLoader = 'org.springframework.test.context.support.DelegatingSmartContextLoader', parent = [null]]]
03:04:45.285 [Test worker] DEBUG org.springframework.test.context.cache - Spring test ApplicationContext cache statistics: [DefaultContextCache@610db97e size = 1, maxSize = 32, parentContextCount = 0, hitCount = 11, missCount = 1]
03:04:45.285 [Test worker] DEBUG org.springframework.test.context.cache.DefaultCacheAwareContextLoaderDelegate - Retrieved ApplicationContext [935160003] from cache with key [[MergedContextConfiguration@67ab1c47 testClass = MemoryArticleServiceRepositoryTest, locations = '{}', classes = '{class alcuk.repository.article.MemoryArticleServiceRepository}', contextInitializerClasses = '[]', activeProfiles = '{}', propertySourceLocations = '{}', propertySourceProperties = '{}', contextCustomizers = set[org.springframework.boot.test.autoconfigure.actuate.metrics.MetricsExportContextCustomizerFactory$DisableMetricExportContextCustomizer@2374d36a, org.springframework.boot.test.autoconfigure.properties.PropertyMappingContextCustomizer@0, org.springframework.boot.test.autoconfigure.web.servlet.WebDriverContextCustomizerFactory$Customizer@3e14c16d, org.springframework.boot.test.context.filter.ExcludeFilterContextCustomizer@5d1659ea, org.springframework.boot.test.json.DuplicateJsonObjectContextCustomizerFactory$DuplicateJsonObjectContextCustomizer@43aaf813, org.springframework.boot.test.mock.mockito.MockitoContextCustomizer@0], contextLoader = 'org.springframework.test.context.support.DelegatingSmartContextLoader', parent = [null]]]
03:04:45.285 [Test worker] DEBUG org.springframework.test.context.cache - Spring test ApplicationContext cache statistics: [DefaultContextCache@610db97e size = 1, maxSize = 32, parentContextCount = 0, hitCount = 12, missCount = 1]
03:04:45.286 [Test worker] DEBUG org.springframework.test.context.support.AbstractDirtiesContextTestExecutionListener - Before test method: context [DefaultTestContext@3e5499cc testClass = MemoryArticleServiceRepositoryTest, testInstance = alcuk.repository.article.MemoryArticleServiceRepositoryTest@507b79f7, testMethod = CREATR_ARTICLE_AND_DELETE_ARTICLE_TEST@MemoryArticleServiceRepositoryTest, testException = [null], mergedContextConfiguration = [MergedContextConfiguration@67ab1c47 testClass = MemoryArticleServiceRepositoryTest, locations = '{}', classes = '{class alcuk.repository.article.MemoryArticleServiceRepository}', contextInitializerClasses = '[]', activeProfiles = '{}', propertySourceLocations = '{}', propertySourceProperties = '{}', contextCustomizers = set[org.springframework.boot.test.autoconfigure.actuate.metrics.MetricsExportContextCustomizerFactory$DisableMetricExportContextCustomizer@2374d36a, org.springframework.boot.test.autoconfigure.properties.PropertyMappingContextCustomizer@0, org.springframework.boot.test.autoconfigure.web.servlet.WebDriverContextCustomizerFactory$Customizer@3e14c16d, org.springframework.boot.test.context.filter.ExcludeFilterContextCustomizer@5d1659ea, org.springframework.boot.test.json.DuplicateJsonObjectContextCustomizerFactory$DuplicateJsonObjectContextCustomizer@43aaf813, org.springframework.boot.test.mock.mockito.MockitoContextCustomizer@0], contextLoader = 'org.springframework.test.context.support.DelegatingSmartContextLoader', parent = [null]], attributes = map['org.springframework.test.context.event.ApplicationEventsTestExecutionListener.recordApplicationEvents' -> false]], class annotated with @DirtiesContext [false] with mode [null], method annotated with @DirtiesContext [false] with mode [null].
03:04:45.286 [Test worker] DEBUG org.springframework.test.context.cache.DefaultCacheAwareContextLoaderDelegate - Retrieved ApplicationContext [935160003] from cache with key [[MergedContextConfiguration@67ab1c47 testClass = MemoryArticleServiceRepositoryTest, locations = '{}', classes = '{class alcuk.repository.article.MemoryArticleServiceRepository}', contextInitializerClasses = '[]', activeProfiles = '{}', propertySourceLocations = '{}', propertySourceProperties = '{}', contextCustomizers = set[org.springframework.boot.test.autoconfigure.actuate.metrics.MetricsExportContextCustomizerFactory$DisableMetricExportContextCustomizer@2374d36a, org.springframework.boot.test.autoconfigure.properties.PropertyMappingContextCustomizer@0, org.springframework.boot.test.autoconfigure.web.servlet.WebDriverContextCustomizerFactory$Customizer@3e14c16d, org.springframework.boot.test.context.filter.ExcludeFilterContextCustomizer@5d1659ea, org.springframework.boot.test.json.DuplicateJsonObjectContextCustomizerFactory$DuplicateJsonObjectContextCustomizer@43aaf813, org.springframework.boot.test.mock.mockito.MockitoContextCustomizer@0], contextLoader = 'org.springframework.test.context.support.DelegatingSmartContextLoader', parent = [null]]]
03:04:45.286 [Test worker] DEBUG org.springframework.test.context.cache - Spring test ApplicationContext cache statistics: [DefaultContextCache@610db97e size = 1, maxSize = 32, parentContextCount = 0, hitCount = 13, missCount = 1]
03:04:45.286 [Test worker] DEBUG org.springframework.test.context.cache.DefaultCacheAwareContextLoaderDelegate - Retrieved ApplicationContext [935160003] from cache with key [[MergedContextConfiguration@67ab1c47 testClass = MemoryArticleServiceRepositoryTest, locations = '{}', classes = '{class alcuk.repository.article.MemoryArticleServiceRepository}', contextInitializerClasses = '[]', activeProfiles = '{}', propertySourceLocations = '{}', propertySourceProperties = '{}', contextCustomizers = set[org.springframework.boot.test.autoconfigure.actuate.metrics.MetricsExportContextCustomizerFactory$DisableMetricExportContextCustomizer@2374d36a, org.springframework.boot.test.autoconfigure.properties.PropertyMappingContextCustomizer@0, org.springframework.boot.test.autoconfigure.web.servlet.WebDriverContextCustomizerFactory$Customizer@3e14c16d, org.springframework.boot.test.context.filter.ExcludeFilterContextCustomizer@5d1659ea, org.springframework.boot.test.json.DuplicateJsonObjectContextCustomizerFactory$DuplicateJsonObjectContextCustomizer@43aaf813, org.springframework.boot.test.mock.mockito.MockitoContextCustomizer@0], contextLoader = 'org.springframework.test.context.support.DelegatingSmartContextLoader', parent = [null]]]
03:04:45.286 [Test worker] DEBUG org.springframework.test.context.cache - Spring test ApplicationContext cache statistics: [DefaultContextCache@610db97e size = 1, maxSize = 32, parentContextCount = 0, hitCount = 14, missCount = 1]
03:04:45.287 [Test worker] DEBUG org.springframework.test.context.cache.DefaultCacheAwareContextLoaderDelegate - Retrieved ApplicationContext [935160003] from cache with key [[MergedContextConfiguration@67ab1c47 testClass = MemoryArticleServiceRepositoryTest, locations = '{}', classes = '{class alcuk.repository.article.MemoryArticleServiceRepository}', contextInitializerClasses = '[]', activeProfiles = '{}', propertySourceLocations = '{}', propertySourceProperties = '{}', contextCustomizers = set[org.springframework.boot.test.autoconfigure.actuate.metrics.MetricsExportContextCustomizerFactory$DisableMetricExportContextCustomizer@2374d36a, org.springframework.boot.test.autoconfigure.properties.PropertyMappingContextCustomizer@0, org.springframework.boot.test.autoconfigure.web.servlet.WebDriverContextCustomizerFactory$Customizer@3e14c16d, org.springframework.boot.test.context.filter.ExcludeFilterContextCustomizer@5d1659ea, org.springframework.boot.test.json.DuplicateJsonObjectContextCustomizerFactory$DuplicateJsonObjectContextCustomizer@43aaf813, org.springframework.boot.test.mock.mockito.MockitoContextCustomizer@0], contextLoader = 'org.springframework.test.context.support.DelegatingSmartContextLoader', parent = [null]]]
03:04:45.287 [Test worker] DEBUG org.springframework.test.context.cache - Spring test ApplicationContext cache statistics: [DefaultContextCache@610db97e size = 1, maxSize = 32, parentContextCount = 0, hitCount = 15, missCount = 1]
03:04:45.287 [Test worker] DEBUG org.springframework.test.context.cache.DefaultCacheAwareContextLoaderDelegate - Retrieved ApplicationContext [935160003] from cache with key [[MergedContextConfiguration@67ab1c47 testClass = MemoryArticleServiceRepositoryTest, locations = '{}', classes = '{class alcuk.repository.article.MemoryArticleServiceRepository}', contextInitializerClasses = '[]', activeProfiles = '{}', propertySourceLocations = '{}', propertySourceProperties = '{}', contextCustomizers = set[org.springframework.boot.test.autoconfigure.actuate.metrics.MetricsExportContextCustomizerFactory$DisableMetricExportContextCustomizer@2374d36a, org.springframework.boot.test.autoconfigure.properties.PropertyMappingContextCustomizer@0, org.springframework.boot.test.autoconfigure.web.servlet.WebDriverContextCustomizerFactory$Customizer@3e14c16d, org.springframework.boot.test.context.filter.ExcludeFilterContextCustomizer@5d1659ea, org.springframework.boot.test.json.DuplicateJsonObjectContextCustomizerFactory$DuplicateJsonObjectContextCustomizer@43aaf813, org.springframework.boot.test.mock.mockito.MockitoContextCustomizer@0], contextLoader = 'org.springframework.test.context.support.DelegatingSmartContextLoader', parent = [null]]]
03:04:45.287 [Test worker] DEBUG org.springframework.test.context.cache - Spring test ApplicationContext cache statistics: [DefaultContextCache@610db97e size = 1, maxSize = 32, parentContextCount = 0, hitCount = 16, missCount = 1]
03:04:45.287 [Test worker] DEBUG org.springframework.test.context.cache.DefaultCacheAwareContextLoaderDelegate - Retrieved ApplicationContext [935160003] from cache with key [[MergedContextConfiguration@67ab1c47 testClass = MemoryArticleServiceRepositoryTest, locations = '{}', classes = '{class alcuk.repository.article.MemoryArticleServiceRepository}', contextInitializerClasses = '[]', activeProfiles = '{}', propertySourceLocations = '{}', propertySourceProperties = '{}', contextCustomizers = set[org.springframework.boot.test.autoconfigure.actuate.metrics.MetricsExportContextCustomizerFactory$DisableMetricExportContextCustomizer@2374d36a, org.springframework.boot.test.autoconfigure.properties.PropertyMappingContextCustomizer@0, org.springframework.boot.test.autoconfigure.web.servlet.WebDriverContextCustomizerFactory$Customizer@3e14c16d, org.springframework.boot.test.context.filter.ExcludeFilterContextCustomizer@5d1659ea, org.springframework.boot.test.json.DuplicateJsonObjectContextCustomizerFactory$DuplicateJsonObjectContextCustomizer@43aaf813, org.springframework.boot.test.mock.mockito.MockitoContextCustomizer@0], contextLoader = 'org.springframework.test.context.support.DelegatingSmartContextLoader', parent = [null]]]
03:04:45.287 [Test worker] DEBUG org.springframework.test.context.cache - Spring test ApplicationContext cache statistics: [DefaultContextCache@610db97e size = 1, maxSize = 32, parentContextCount = 0, hitCount = 17, missCount = 1]
03:04:45.288 [Test worker] DEBUG org.springframework.test.context.cache.DefaultCacheAwareContextLoaderDelegate - Retrieved ApplicationContext [935160003] from cache with key [[MergedContextConfiguration@67ab1c47 testClass = MemoryArticleServiceRepositoryTest, locations = '{}', classes = '{class alcuk.repository.article.MemoryArticleServiceRepository}', contextInitializerClasses = '[]', activeProfiles = '{}', propertySourceLocations = '{}', propertySourceProperties = '{}', contextCustomizers = set[org.springframework.boot.test.autoconfigure.actuate.metrics.MetricsExportContextCustomizerFactory$DisableMetricExportContextCustomizer@2374d36a, org.springframework.boot.test.autoconfigure.properties.PropertyMappingContextCustomizer@0, org.springframework.boot.test.autoconfigure.web.servlet.WebDriverContextCustomizerFactory$Customizer@3e14c16d, org.springframework.boot.test.context.filter.ExcludeFilterContextCustomizer@5d1659ea, org.springframework.boot.test.json.DuplicateJsonObjectContextCustomizerFactory$DuplicateJsonObjectContextCustomizer@43aaf813, org.springframework.boot.test.mock.mockito.MockitoContextCustomizer@0], contextLoader = 'org.springframework.test.context.support.DelegatingSmartContextLoader', parent = [null]]]
03:04:45.288 [Test worker] DEBUG org.springframework.test.context.cache - Spring test ApplicationContext cache statistics: [DefaultContextCache@610db97e size = 1, maxSize = 32, parentContextCount = 0, hitCount = 18, missCount = 1]
03:04:45.288 [Test worker] DEBUG org.springframework.test.context.cache.DefaultCacheAwareContextLoaderDelegate - Retrieved ApplicationContext [935160003] from cache with key [[MergedContextConfiguration@67ab1c47 testClass = MemoryArticleServiceRepositoryTest, locations = '{}', classes = '{class alcuk.repository.article.MemoryArticleServiceRepository}', contextInitializerClasses = '[]', activeProfiles = '{}', propertySourceLocations = '{}', propertySourceProperties = '{}', contextCustomizers = set[org.springframework.boot.test.autoconfigure.actuate.metrics.MetricsExportContextCustomizerFactory$DisableMetricExportContextCustomizer@2374d36a, org.springframework.boot.test.autoconfigure.properties.PropertyMappingContextCustomizer@0, org.springframework.boot.test.autoconfigure.web.servlet.WebDriverContextCustomizerFactory$Customizer@3e14c16d, org.springframework.boot.test.context.filter.ExcludeFilterContextCustomizer@5d1659ea, org.springframework.boot.test.json.DuplicateJsonObjectContextCustomizerFactory$DuplicateJsonObjectContextCustomizer@43aaf813, org.springframework.boot.test.mock.mockito.MockitoContextCustomizer@0], contextLoader = 'org.springframework.test.context.support.DelegatingSmartContextLoader', parent = [null]]]
03:04:45.288 [Test worker] DEBUG org.springframework.test.context.cache - Spring test ApplicationContext cache statistics: [DefaultContextCache@610db97e size = 1, maxSize = 32, parentContextCount = 0, hitCount = 19, missCount = 1]
03:04:45.288 [Test worker] DEBUG org.springframework.test.context.cache.DefaultCacheAwareContextLoaderDelegate - Retrieved ApplicationContext [935160003] from cache with key [[MergedContextConfiguration@67ab1c47 testClass = MemoryArticleServiceRepositoryTest, locations = '{}', classes = '{class alcuk.repository.article.MemoryArticleServiceRepository}', contextInitializerClasses = '[]', activeProfiles = '{}', propertySourceLocations = '{}', propertySourceProperties = '{}', contextCustomizers = set[org.springframework.boot.test.autoconfigure.actuate.metrics.MetricsExportContextCustomizerFactory$DisableMetricExportContextCustomizer@2374d36a, org.springframework.boot.test.autoconfigure.properties.PropertyMappingContextCustomizer@0, org.springframework.boot.test.autoconfigure.web.servlet.WebDriverContextCustomizerFactory$Customizer@3e14c16d, org.springframework.boot.test.context.filter.ExcludeFilterContextCustomizer@5d1659ea, org.springframework.boot.test.json.DuplicateJsonObjectContextCustomizerFactory$DuplicateJsonObjectContextCustomizer@43aaf813, org.springframework.boot.test.mock.mockito.MockitoContextCustomizer@0], contextLoader = 'org.springframework.test.context.support.DelegatingSmartContextLoader', parent = [null]]]
03:04:45.288 [Test worker] DEBUG org.springframework.test.context.cache - Spring test ApplicationContext cache statistics: [DefaultContextCache@610db97e size = 1, maxSize = 32, parentContextCount = 0, hitCount = 20, missCount = 1]
03:04:45.288 [Test worker] DEBUG org.springframework.test.context.cache.DefaultCacheAwareContextLoaderDelegate - Retrieved ApplicationContext [935160003] from cache with key [[MergedContextConfiguration@67ab1c47 testClass = MemoryArticleServiceRepositoryTest, locations = '{}', classes = '{class alcuk.repository.article.MemoryArticleServiceRepository}', contextInitializerClasses = '[]', activeProfiles = '{}', propertySourceLocations = '{}', propertySourceProperties = '{}', contextCustomizers = set[org.springframework.boot.test.autoconfigure.actuate.metrics.MetricsExportContextCustomizerFactory$DisableMetricExportContextCustomizer@2374d36a, org.springframework.boot.test.autoconfigure.properties.PropertyMappingContextCustomizer@0, org.springframework.boot.test.autoconfigure.web.servlet.WebDriverContextCustomizerFactory$Customizer@3e14c16d, org.springframework.boot.test.context.filter.ExcludeFilterContextCustomizer@5d1659ea, org.springframework.boot.test.json.DuplicateJsonObjectContextCustomizerFactory$DuplicateJsonObjectContextCustomizer@43aaf813, org.springframework.boot.test.mock.mockito.MockitoContextCustomizer@0], contextLoader = 'org.springframework.test.context.support.DelegatingSmartContextLoader', parent = [null]]]
03:04:45.288 [Test worker] DEBUG org.springframework.test.context.cache - Spring test ApplicationContext cache statistics: [DefaultContextCache@610db97e size = 1, maxSize = 32, parentContextCount = 0, hitCount = 21, missCount = 1]
03:04:45.288 [Test worker] DEBUG org.springframework.test.context.support.AbstractDirtiesContextTestExecutionListener - After test method: context [DefaultTestContext@3e5499cc testClass = MemoryArticleServiceRepositoryTest, testInstance = alcuk.repository.article.MemoryArticleServiceRepositoryTest@507b79f7, testMethod = CREATR_ARTICLE_AND_DELETE_ARTICLE_TEST@MemoryArticleServiceRepositoryTest, testException = [null], mergedContextConfiguration = [MergedContextConfiguration@67ab1c47 testClass = MemoryArticleServiceRepositoryTest, locations = '{}', classes = '{class alcuk.repository.article.MemoryArticleServiceRepository}', contextInitializerClasses = '[]', activeProfiles = '{}', propertySourceLocations = '{}', propertySourceProperties = '{}', contextCustomizers = set[org.springframework.boot.test.autoconfigure.actuate.metrics.MetricsExportContextCustomizerFactory$DisableMetricExportContextCustomizer@2374d36a, org.springframework.boot.test.autoconfigure.properties.PropertyMappingContextCustomizer@0, org.springframework.boot.test.autoconfigure.web.servlet.WebDriverContextCustomizerFactory$Customizer@3e14c16d, org.springframework.boot.test.context.filter.ExcludeFilterContextCustomizer@5d1659ea, org.springframework.boot.test.json.DuplicateJsonObjectContextCustomizerFactory$DuplicateJsonObjectContextCustomizer@43aaf813, org.springframework.boot.test.mock.mockito.MockitoContextCustomizer@0], contextLoader = 'org.springframework.test.context.support.DelegatingSmartContextLoader', parent = [null]], attributes = map['org.springframework.test.context.event.ApplicationEventsTestExecutionListener.recordApplicationEvents' -> false]], class annotated with @DirtiesContext [false] with mode [null], method annotated with @DirtiesContext [false] with mode [null].
03:04:45.292 [Test worker] DEBUG org.springframework.test.context.cache.DefaultCacheAwareContextLoaderDelegate - Retrieved ApplicationContext [935160003] from cache with key [[MergedContextConfiguration@67ab1c47 testClass = MemoryArticleServiceRepositoryTest, locations = '{}', classes = '{class alcuk.repository.article.MemoryArticleServiceRepository}', contextInitializerClasses = '[]', activeProfiles = '{}', propertySourceLocations = '{}', propertySourceProperties = '{}', contextCustomizers = set[org.springframework.boot.test.autoconfigure.actuate.metrics.MetricsExportContextCustomizerFactory$DisableMetricExportContextCustomizer@2374d36a, org.springframework.boot.test.autoconfigure.properties.PropertyMappingContextCustomizer@0, org.springframework.boot.test.autoconfigure.web.servlet.WebDriverContextCustomizerFactory$Customizer@3e14c16d, org.springframework.boot.test.context.filter.ExcludeFilterContextCustomizer@5d1659ea, org.springframework.boot.test.json.DuplicateJsonObjectContextCustomizerFactory$DuplicateJsonObjectContextCustomizer@43aaf813, org.springframework.boot.test.mock.mockito.MockitoContextCustomizer@0], contextLoader = 'org.springframework.test.context.support.DelegatingSmartContextLoader', parent = [null]]]
03:04:45.293 [Test worker] DEBUG org.springframework.test.context.cache - Spring test ApplicationContext cache statistics: [DefaultContextCache@610db97e size = 1, maxSize = 32, parentContextCount = 0, hitCount = 22, missCount = 1]
03:04:45.293 [Test worker] DEBUG org.springframework.test.context.support.AbstractDirtiesContextTestExecutionListener - After test class: context [DefaultTestContext@3e5499cc testClass = MemoryArticleServiceRepositoryTest, testInstance = [null], testMethod = [null], testException = [null], mergedContextConfiguration = [MergedContextConfiguration@67ab1c47 testClass = MemoryArticleServiceRepositoryTest, locations = '{}', classes = '{class alcuk.repository.article.MemoryArticleServiceRepository}', contextInitializerClasses = '[]', activeProfiles = '{}', propertySourceLocations = '{}', propertySourceProperties = '{}', contextCustomizers = set[org.springframework.boot.test.autoconfigure.actuate.metrics.MetricsExportContextCustomizerFactory$DisableMetricExportContextCustomizer@2374d36a, org.springframework.boot.test.autoconfigure.properties.PropertyMappingContextCustomizer@0, org.springframework.boot.test.autoconfigure.web.servlet.WebDriverContextCustomizerFactory$Customizer@3e14c16d, org.springframework.boot.test.context.filter.ExcludeFilterContextCustomizer@5d1659ea, org.springframework.boot.test.json.DuplicateJsonObjectContextCustomizerFactory$DuplicateJsonObjectContextCustomizer@43aaf813, org.springframework.boot.test.mock.mockito.MockitoContextCustomizer@0], contextLoader = 'org.springframework.test.context.support.DelegatingSmartContextLoader', parent = [null]], attributes = map['org.springframework.test.context.event.ApplicationEventsTestExecutionListener.recordApplicationEvents' -> false]], class annotated with @DirtiesContext [false] with mode [null].
]]></system-out>
  <system-err><![CDATA[]]></system-err>
</testsuite>
